#
# There is insufficient memory for the Java Runtime Environment to continue.
# Native memory allocation (malloc) failed to allocate 32784 bytes for Chunk::new
# Possible reasons:
#   The system is out of physical RAM or swap space
#   The process is running with CompressedOops enabled, and the Java Heap may be blocking the growth of the native heap
# Possible solutions:
#   Reduce memory load on the system
#   Increase physical memory or swap space
#   Check if swap backing store is full
#   Decrease Java heap size (-Xmx/-Xms)
#   Decrease number of Java threads
#   Decrease Java thread stack sizes (-Xss)
#   Set larger code cache with -XX:ReservedCodeCacheSize=
#   JVM is running with Zero Based Compressed Oops mode in which the Java heap is
#     placed in the first 32GB address space. The Java Heap base address is the
#     maximum limit for the native heap growth. Please use -XX:HeapBaseMinAddress
#     to set the Java Heap base and to place the Java Heap above 32GB virtual address.
# This output file may be truncated or incomplete.
#
#  Out of Memory Error (./open/src/hotspot/share/memory/arena.cpp:195), pid=10340, tid=11844
#
# JRE version: Java(TM) SE Runtime Environment (14.0.2+12) (build 14.0.2+12-46)
# Java VM: Java HotSpot(TM) 64-Bit Server VM (14.0.2+12-46, mixed mode, sharing, tiered, compressed oops, g1 gc, windows-amd64)
# No core dump will be written. Minidumps are not enabled by default on client versions of Windows
#

---------------  S U M M A R Y ------------

Command Line: -Dfile.encoding=Cp1252 --module-path=C:\Users\Richard\Documents\Projekte\ZweiEuroMünzenSammlung\ZweiEuroProgramme\git\easydatabases\bin;C:\Users\Richard\Documents\Projekte\ZweiEuroMünzenSammlung\ZweiEuroProgramme\git\zweieuro\ZweiEuro\lib\derby.jar;C:\Users\Richard\Documents\Projekte\ZweiEuroMünzenSammlung\ZweiEuroProgramme\git\zweieuro\ZweiEuro\lib\derbyclient.jar;C:\Users\Richard\Documents\Projekte\ZweiEuroMünzenSammlung\ZweiEuroProgramme\git\zweieuro\ZweiEuro\lib\derbyLocale_cs.jar;C:\Users\Richard\Documents\Projekte\ZweiEuroMünzenSammlung\ZweiEuroProgramme\git\zweieuro\ZweiEuro\lib\derbyLocale_de_DE.jar;C:\Users\Richard\Documents\Projekte\ZweiEuroMünzenSammlung\ZweiEuroProgramme\git\zweieuro\ZweiEuro\lib\derbyLocale_es.jar;C:\Users\Richard\Documents\Projekte\ZweiEuroMünzenSammlung\ZweiEuroProgramme\git\zweieuro\ZweiEuro\lib\derbyLocale_fr.jar;C:\Users\Richard\Documents\Projekte\ZweiEuroMünzenSammlung\ZweiEuroProgramme\git\zweieuro\ZweiEuro\lib\derbyLocale_hu.jar;C:\Users\Richard\Documents\Projekte\ZweiEuroMünzenSammlung\ZweiEuroProgramme\git\zweieuro\ZweiEuro\lib\derbyLocale_it.jar;C:\Users\Richard\Documents\Projekte\ZweiEuroMünzenSammlung\ZweiEuroProgramme\git\zweieuro\ZweiEuro\lib\derbyLocale_ja_JP.jar;C:\Users\Richard\Documents\Projekte\ZweiEuroMünzenSammlung\ZweiEuroProgramme\git\zweieuro\ZweiEuro\lib\derbyLocale_ko_KR.jar;C:\Users\Richard\Documents\Projekte\ZweiEuroMünzenSammlung\ZweiEuroProgramme\git\zweieuro\ZweiEuro\lib\derbyLocale_pl.jar;C:\Users\Richard\Documents\Projekte\ZweiEuroMünzenSammlung\ZweiEuroProgramme\git\zweieuro\ZweiEuro\lib\derbyLocale_pt_BR.jar;C:\Users\Richard\Documents\Projekte\ZweiEuroMünzenSammlung\ZweiEuroProgramme\git\zweieuro\ZweiEuro\lib\derbyLocale_ru.jar;C:\Users\Richard\Documents\Projekte\ZweiEuroMünzenSammlung\ZweiEuroProgramme\git\zweieuro\ZweiEuro\lib\derbyLocale_zh_CN.jar;C:\Users\Richard\Documents\Projekte\ZweiEuroMünzenSammlung\ZweiEuroProgramme\git\zweieuro\ZweiEuro\lib\derbyLocale_zh_TW.jar;C:\Users\Richard\Documents\Projekte\ZweiEuroMünzen-Djdk.module.main=EasyDatabase EasyDatabase/de.herrmannR.easydatabase.GUI.DatabaseView

Host: AMD Ryzen 3 1200 Quad-Core Processor           , 4 cores, 15G,  Windows 10 , 64 bit Build 18362 (10.0.18362.1110)
Time: Thu Oct 22 13:27:17 2020 Mitteleuropäische Sommerzeit elapsed time: 48 seconds (0d 0h 0m 48s)

---------------  T H R E A D  ---------------

Current thread (0x00000208f21e6000):  JavaThread "C2 CompilerThread0" daemon [_thread_in_native, id=11844, stack(0x00000045eed00000,0x00000045eee00000)]


Current CompileTask:
C2:  48492 3042       4       sun.java2d.pipe.BufferedContext::validate (575 bytes)

Stack: [0x00000045eed00000,0x00000045eee00000]
Native frames: (J=compiled Java code, j=interpreted, Vv=VM code, C=native code)
V  [jvm.dll+0x5f8a9a]
V  [jvm.dll+0x74247a]
V  [jvm.dll+0x743c2f]
V  [jvm.dll+0x744273]
V  [jvm.dll+0x20d288]
V  [jvm.dll+0xabb07]
V  [jvm.dll+0xabc7d]
V  [jvm.dll+0x5d997b]
V  [jvm.dll+0x7bd4a]
V  [jvm.dll+0x50df04]
V  [jvm.dll+0x50d369]
V  [jvm.dll+0x1ee036]
V  [jvm.dll+0x1e7716]
V  [jvm.dll+0x1e4f98]
V  [jvm.dll+0x1779cc]
V  [jvm.dll+0x1f4105]
V  [jvm.dll+0x1f22eb]
V  [jvm.dll+0x7070cd]
V  [jvm.dll+0x6ffeda]
V  [jvm.dll+0x5f78f6]
C  [ucrtbase.dll+0x210b2]
C  [KERNEL32.DLL+0x17c24]
C  [ntdll.dll+0x6cea1]


---------------  P R O C E S S  ---------------

Threads class SMR info:
_java_thread_list=0x00000208fd6fc8e0, length=19, elements={
0x00000208f193c000, 0x00000208f193d800, 0x00000208f195b800, 0x00000208f21e2000,
0x00000208f21e3800, 0x00000208f21e6000, 0x00000208f21ee800, 0x00000208f21f3800,
0x00000208f21e0800, 0x00000208f2ba6800, 0x00000208f3116000, 0x00000208f2f1f800,
0x00000208f335d800, 0x00000208f314f000, 0x00000208f28fd800, 0x00000208f323b800,
0x00000208f3968800, 0x00000208f345d000, 0x00000208f345a800
}

Java Threads: ( => current thread )
  0x00000208f193c000 JavaThread "Reference Handler" daemon [_thread_blocked, id=16124, stack(0x00000045ee800000,0x00000045ee900000)]
  0x00000208f193d800 JavaThread "Finalizer" daemon [_thread_blocked, id=15576, stack(0x00000045ee900000,0x00000045eea00000)]
  0x00000208f195b800 JavaThread "Signal Dispatcher" daemon [_thread_blocked, id=15716, stack(0x00000045eea00000,0x00000045eeb00000)]
  0x00000208f21e2000 JavaThread "Attach Listener" daemon [_thread_blocked, id=15480, stack(0x00000045eeb00000,0x00000045eec00000)]
  0x00000208f21e3800 JavaThread "Service Thread" daemon [_thread_blocked, id=11572, stack(0x00000045eec00000,0x00000045eed00000)]
=>0x00000208f21e6000 JavaThread "C2 CompilerThread0" daemon [_thread_in_native, id=11844, stack(0x00000045eed00000,0x00000045eee00000)]
  0x00000208f21ee800 JavaThread "C1 CompilerThread0" daemon [_thread_blocked, id=11576, stack(0x00000045eee00000,0x00000045eef00000)]
  0x00000208f21f3800 JavaThread "Sweeper thread" daemon [_thread_blocked, id=10432, stack(0x00000045eef00000,0x00000045ef000000)]
  0x00000208f21e0800 JavaThread "Common-Cleaner" daemon [_thread_blocked, id=11536, stack(0x00000045ef000000,0x00000045ef100000)]
  0x00000208f2ba6800 JavaThread "Notification Thread" daemon [_thread_blocked, id=11904, stack(0x00000045ef200000,0x00000045ef300000)]
  0x00000208f3116000 JavaThread "Java2D Disposer" daemon [_thread_blocked, id=32036, stack(0x00000045ef400000,0x00000045ef500000)]
  0x00000208f2f1f800 JavaThread "AWT-Shutdown" [_thread_blocked, id=32972, stack(0x00000045ef500000,0x00000045ef600000)]
  0x00000208f335d800 JavaThread "AWT-Windows" daemon [_thread_in_native, id=34208, stack(0x00000045ef600000,0x00000045ef700000)]
  0x00000208f314f000 JavaThread "AWT-EventQueue-0" [_thread_blocked, id=11432, stack(0x00000045efa00000,0x00000045efb00000)]
  0x00000208f28fd800 JavaThread "D3D Screen Updater" daemon [_thread_blocked, id=10572, stack(0x00000045efb00000,0x00000045efc00000)]
  0x00000208f323b800 JavaThread "Timer-0" daemon [_thread_blocked, id=32196, stack(0x00000045eff00000,0x00000045f0000000)]
  0x00000208f3968800 JavaThread "derby.rawStoreDaemon" daemon [_thread_blocked, id=11436, stack(0x00000045f0000000,0x00000045f0100000)]
  0x00000208f345d000 JavaThread "DestroyJavaVM" [_thread_blocked, id=11648, stack(0x00000045ee100000,0x00000045ee200000)]
  0x00000208f345a800 JavaThread "TimerQueue" daemon [_thread_blocked, id=6340, stack(0x00000045ef900000,0x00000045efa00000)]

Other Threads:
  0x00000208f1938800 VMThread "VM Thread" [stack: 0x00000045ee700000,0x00000045ee800000] [id=12040]
  0x00000208f2474800 WatcherThread [stack: 0x00000045ef300000,0x00000045ef400000] [id=10436]
  0x00000208ce539000 GCTaskThread "GC Thread#0" [stack: 0x00000045ee200000,0x00000045ee300000] [id=13688]
  0x00000208f3115800 GCTaskThread "GC Thread#1" [stack: 0x00000045efc00000,0x00000045efd00000] [id=10636]
  0x00000208f3c2e000 GCTaskThread "GC Thread#2" [stack: 0x00000045efd00000,0x00000045efe00000] [id=11324]
  0x00000208f324e800 GCTaskThread "GC Thread#3" [stack: 0x00000045efe00000,0x00000045eff00000] [id=11336]
  0x00000208ce55b000 ConcurrentGCThread "G1 Main Marker" [stack: 0x00000045ee300000,0x00000045ee400000] [id=15668]
  0x00000208ce55e800 ConcurrentGCThread "G1 Conc#0" [stack: 0x00000045ee400000,0x00000045ee500000] [id=15552]
  0x00000208f1827000 ConcurrentGCThread "G1 Refine#0" [stack: 0x00000045ee500000,0x00000045ee600000] [id=15516]
  0x00000208f1828800 ConcurrentGCThread "G1 Young RemSet Sampling" [stack: 0x00000045ee600000,0x00000045ee700000] [id=15868]

Threads with active compile tasks:
C2 CompilerThread0    48534 3042       4       sun.java2d.pipe.BufferedContext::validate (575 bytes)

VM state:not at safepoint (normal execution)

VM Mutex/Monitor currently owned by a thread: None

Heap address: 0x0000000700a00000, size: 4086 MB, Compressed Oops mode: Zero based, Oop shift amount: 3
Narrow klass base: 0x0000000800000000, Narrow klass shift: 3
Compressed class space size: 1073741824 Address: 0x0000000800b30000

Heap:
 garbage-first heap   total 24576K, used 19448K [0x0000000700a00000, 0x0000000800000000)
  region size 1024K, 18 young (18432K), 3 survivors (3072K)
 Metaspace       used 23122K, capacity 24179K, committed 24448K, reserved 1071104K
  class space    used 2744K, capacity 3419K, committed 3456K, reserved 1048576K
Heap Regions: E=young(eden), S=young(survivor), O=old, HS=humongous(starts), HC=humongous(continues), CS=collection set, F=free, OA=open archive, CA=closed archive, TAMS=top-at-mark-start (previous, next)
|   0|0x0000000700a00000, 0x0000000700b00000, 0x0000000700b00000|100%| O|  |TAMS 0x0000000700b00000, 0x0000000700a00000| Untracked 
|   1|0x0000000700b00000, 0x0000000700c00000, 0x0000000700c00000|100%| O|  |TAMS 0x0000000700c00000, 0x0000000700b00000| Untracked 
|   2|0x0000000700c00000, 0x0000000700c99600, 0x0000000700d00000| 59%| O|  |TAMS 0x0000000700c99600, 0x0000000700c00000| Untracked 
|   3|0x0000000700d00000, 0x0000000700d00000, 0x0000000700e00000|  0%| F|  |TAMS 0x0000000700d00000, 0x0000000700d00000| Untracked 
|   4|0x0000000700e00000, 0x0000000700e00000, 0x0000000700f00000|  0%| F|  |TAMS 0x0000000700e00000, 0x0000000700e00000| Untracked 
|   5|0x0000000700f00000, 0x0000000700f00000, 0x0000000701000000|  0%| F|  |TAMS 0x0000000700f00000, 0x0000000700f00000| Untracked 
|   6|0x0000000701000000, 0x000000070107b3c8, 0x0000000701100000| 48%| E|  |TAMS 0x0000000701000000, 0x0000000701000000| Complete 
|   7|0x0000000701100000, 0x0000000701200000, 0x0000000701200000|100%| E|CS|TAMS 0x0000000701100000, 0x0000000701100000| Complete 
|   8|0x0000000701200000, 0x0000000701300000, 0x0000000701300000|100%| E|CS|TAMS 0x0000000701200000, 0x0000000701200000| Complete 
|   9|0x0000000701300000, 0x0000000701400000, 0x0000000701400000|100%| E|CS|TAMS 0x0000000701300000, 0x0000000701300000| Complete 
|  10|0x0000000701400000, 0x0000000701500000, 0x0000000701500000|100%| E|CS|TAMS 0x0000000701400000, 0x0000000701400000| Complete 
|  11|0x0000000701500000, 0x0000000701600000, 0x0000000701600000|100%| E|CS|TAMS 0x0000000701500000, 0x0000000701500000| Complete 
|  12|0x0000000701600000, 0x0000000701700000, 0x0000000701700000|100%| E|CS|TAMS 0x0000000701600000, 0x0000000701600000| Complete 
|  13|0x0000000701700000, 0x0000000701800000, 0x0000000701800000|100%| E|CS|TAMS 0x0000000701700000, 0x0000000701700000| Complete 
|  14|0x0000000701800000, 0x0000000701900000, 0x0000000701900000|100%| E|CS|TAMS 0x0000000701800000, 0x0000000701800000| Complete 
|  15|0x0000000701900000, 0x0000000701a00000, 0x0000000701a00000|100%| E|CS|TAMS 0x0000000701900000, 0x0000000701900000| Complete 
|  16|0x0000000701a00000, 0x0000000701b00000, 0x0000000701b00000|100%| E|CS|TAMS 0x0000000701a00000, 0x0000000701a00000| Complete 
|  17|0x0000000701b00000, 0x0000000701c00000, 0x0000000701c00000|100%| E|CS|TAMS 0x0000000701b00000, 0x0000000701b00000| Complete 
|  18|0x0000000701c00000, 0x0000000701d00000, 0x0000000701d00000|100%| E|CS|TAMS 0x0000000701c00000, 0x0000000701c00000| Complete 
|  19|0x0000000701d00000, 0x0000000701e00000, 0x0000000701e00000|100%| E|CS|TAMS 0x0000000701d00000, 0x0000000701d00000| Complete 
| 242|0x000000070fc00000, 0x000000070fc64de8, 0x000000070fd00000| 39%| S|CS|TAMS 0x000000070fc00000, 0x000000070fc00000| Complete 
| 243|0x000000070fd00000, 0x000000070fe00000, 0x000000070fe00000|100%| S|CS|TAMS 0x000000070fd00000, 0x000000070fd00000| Complete 
| 244|0x000000070fe00000, 0x000000070ff00000, 0x000000070ff00000|100%| S|CS|TAMS 0x000000070fe00000, 0x000000070fe00000| Complete 
| 255|0x0000000710900000, 0x0000000710a00000, 0x0000000710a00000|100%| E|CS|TAMS 0x0000000710900000, 0x0000000710900000| Complete 

Card table byte_map: [0x00000208e6470000,0x00000208e6c70000] _byte_map_base: 0x00000208e2c6b000

Marking Bits (Prev, Next): (CMBitMap*) 0x00000208ce539b28, (CMBitMap*) 0x00000208ce539ae8
 Prev Bits: [0x00000208eb450000, 0x00000208ef428000)
 Next Bits: [0x00000208e7470000, 0x00000208eb448000)

Polling page: 0x00000208cc460000

Metaspace:

Usage:
  Non-class:     20.27 MB capacity,    19.90 MB ( 98%) used,   332.45 KB (  2%) free+waste,    49.50 KB ( <1%) overhead. 
      Class:      3.34 MB capacity,     2.68 MB ( 80%) used,   646.89 KB ( 19%) free+waste,    27.31 KB ( <1%) overhead. 
       Both:     23.61 MB capacity,    22.58 MB ( 96%) used,   979.34 KB (  4%) free+waste,    76.81 KB ( <1%) overhead. 

Virtual space:
  Non-class space:       22.00 MB reserved,      20.50 MB ( 93%) committed 
      Class space:        1.00 GB reserved,       3.38 MB ( <1%) committed 
             Both:        1.02 GB reserved,      23.88 MB (  2%) committed 

Chunk freelists:
   Non-Class:  40.00 KB
       Class:  5.00 KB
        Both:  45.00 KB

MaxMetaspaceSize: 17179869184.00 GB
CompressedClassSpaceSize: 1.00 GB

CodeHeap 'non-profiled nmethods': size=120000Kb used=1046Kb max_used=1046Kb free=118953Kb
 bounds [0x00000208de740000, 0x00000208de9b0000, 0x00000208e5c70000]
CodeHeap 'profiled nmethods': size=120000Kb used=6002Kb max_used=6002Kb free=113998Kb
 bounds [0x00000208d7210000, 0x00000208d77f0000, 0x00000208de740000]
CodeHeap 'non-nmethods': size=5760Kb used=1469Kb max_used=1505Kb free=4290Kb
 bounds [0x00000208d6c70000, 0x00000208d6ee0000, 0x00000208d7210000]
 total_blobs=3841 nmethods=3045 adapters=708
 compilation: enabled
              stopped_count=0, restarted_count=0
 full_count=0

Compilation events (20 events):
Event: 13.027 Thread 0x00000208f21ee800 nmethod 3032 0x00000208d77e5790 code [0x00000208d77e5920, 0x00000208d77e5a58]
Event: 48.218 Thread 0x00000208f21ee800 3033       3       java.awt.EventQueue::coalesceMouseEvent (44 bytes)
Event: 48.219 Thread 0x00000208f21ee800 nmethod 3033 0x00000208d77e5b10 code [0x00000208d77e5ce0, 0x00000208d77e6188]
Event: 48.227 Thread 0x00000208f21ee800 3034       3       sun.awt.AWTAccessor::getInputEventAccessor (18 bytes)
Event: 48.227 Thread 0x00000208f21ee800 nmethod 3034 0x00000208d77e6310 code [0x00000208d77e64c0, 0x00000208d77e66c8]
Event: 48.227 Thread 0x00000208f21ee800 3035       3       java.awt.event.InputEvent$1::setCanAccessSystemClipboard (6 bytes)
Event: 48.227 Thread 0x00000208f21ee800 nmethod 3035 0x00000208d77e6790 code [0x00000208d77e6920, 0x00000208d77e6a58]
Event: 48.227 Thread 0x00000208f21ee800 3036       3       java.awt.Container::isRecursivelyVisibleUpToHeavyweightContainer (41 bytes)
Event: 48.228 Thread 0x00000208f21ee800 nmethod 3036 0x00000208d77e6b10 code [0x00000208d77e6d00, 0x00000208d77e7578]
Event: 48.235 Thread 0x00000208f21ee800 3037       3       javax.swing.JComponent::addNotify (26 bytes)
Event: 48.236 Thread 0x00000208f21ee800 nmethod 3037 0x00000208d77e7710 code [0x00000208d77e7920, 0x00000208d77e7f68]
Event: 48.236 Thread 0x00000208f21ee800 3038       3       javax.swing.JComponent::registerNextFocusableComponent (9 bytes)
Event: 48.236 Thread 0x00000208f21e6000 3040       4       javax.swing.RepaintManager::currentManager (37 bytes)
Event: 48.236 Thread 0x00000208f21ee800 nmethod 3038 0x00000208d77e8110 code [0x00000208d77e82e0, 0x00000208d77e8678]
Event: 48.236 Thread 0x00000208f21ee800 3039       3       javax.swing.JComponent::registerNextFocusableComponent (57 bytes)
Event: 48.236 Thread 0x00000208f21ee800 nmethod 3039 0x00000208d77e8790 code [0x00000208d77e89a0, 0x00000208d77e9218]
Event: 48.237 Thread 0x00000208f21e6000 nmethod 3040 0x00000208de844d90 code [0x00000208de844f40, 0x00000208de845048]
Event: 48.475 Thread 0x00000208f21ee800 3041       1       sun.awt.image.SunVolatileImage::getGraphicsConfig (5 bytes)
Event: 48.475 Thread 0x00000208f21ee800 nmethod 3041 0x00000208de845190 code [0x00000208de845320, 0x00000208de8453f8]
Event: 48.480 Thread 0x00000208f21e6000 3042       4       sun.java2d.pipe.BufferedContext::validate (575 bytes)

GC Heap History (6 events):
Event: 2.986 GC heap before
{Heap before GC invocations=0 (full 0):
 garbage-first heap   total 262144K, used 13312K [0x0000000700a00000, 0x0000000800000000)
  region size 1024K, 13 young (13312K), 0 survivors (0K)
 Metaspace       used 11938K, capacity 12318K, committed 12416K, reserved 1060864K
  class space    used 1459K, capacity 1630K, committed 1664K, reserved 1048576K
}
Event: 2.990 GC heap after
{Heap after GC invocations=1 (full 0):
 garbage-first heap   total 262144K, used 2651K [0x0000000700a00000, 0x0000000800000000)
  region size 1024K, 2 young (2048K), 2 survivors (2048K)
 Metaspace       used 11938K, capacity 12318K, committed 12416K, reserved 1060864K
  class space    used 1459K, capacity 1630K, committed 1664K, reserved 1048576K
}
Event: 3.621 GC heap before
{Heap before GC invocations=1 (full 0):
 garbage-first heap   total 262144K, used 14939K [0x0000000700a00000, 0x0000000800000000)
  region size 1024K, 15 young (15360K), 2 survivors (2048K)
 Metaspace       used 17075K, capacity 17538K, committed 17664K, reserved 1064960K
  class space    used 2102K, capacity 2284K, committed 2304K, reserved 1048576K
}
Event: 3.626 GC heap after
{Heap after GC invocations=2 (full 0):
 garbage-first heap   total 262144K, used 4505K [0x0000000700a00000, 0x0000000800000000)
  region size 1024K, 2 young (2048K), 2 survivors (2048K)
 Metaspace       used 17075K, capacity 17538K, committed 17664K, reserved 1064960K
  class space    used 2102K, capacity 2284K, committed 2304K, reserved 1048576K
}
Event: 3.791 GC heap before
{Heap before GC invocations=2 (full 0):
 garbage-first heap   total 262144K, used 13721K [0x0000000700a00000, 0x0000000800000000)
  region size 1024K, 13 young (13312K), 2 survivors (2048K)
 Metaspace       used 20670K, capacity 21083K, committed 21248K, reserved 1067008K
  class space    used 2514K, capacity 2697K, committed 2816K, reserved 1048576K
}
Event: 3.793 GC heap after
{Heap after GC invocations=3 (full 0):
 garbage-first heap   total 262144K, used 5112K [0x0000000700a00000, 0x0000000800000000)
  region size 1024K, 3 young (3072K), 3 survivors (3072K)
 Metaspace       used 20670K, capacity 21083K, committed 21248K, reserved 1067008K
  class space    used 2514K, capacity 2697K, committed 2816K, reserved 1048576K
}

Deoptimization events (20 events):
Event: 9.023 Thread 0x00000208f314f000 Uncommon trap: trap_request=0xffffffde fr.pc=0x00000208de8226f0 relative=0x00000000000000b0
Event: 9.023 Thread 0x00000208f314f000 Uncommon trap: reason=class_check action=maybe_recompile pc=0x00000208de8226f0 method=java.awt.Component.getBackground()Ljava/awt/Color; @ 21 c2
Event: 9.023 Thread 0x00000208f314f000 DEOPT PACKING pc=0x00000208de8226f0 sp=0x00000045efafeac0
Event: 9.023 Thread 0x00000208f314f000 DEOPT UNPACKING pc=0x00000208d6cb912f sp=0x00000045efafea40 mode 2
Event: 9.024 Thread 0x00000208f314f000 Uncommon trap: trap_request=0xffffffde fr.pc=0x00000208de839830 relative=0x0000000000000a30
Event: 9.024 Thread 0x00000208f314f000 Uncommon trap: reason=class_check action=maybe_recompile pc=0x00000208de839830 method=sun.awt.SunToolkit.getContainingWindow(Ljava/awt/Component;)Ljava/awt/Window; @ 20 c2
Event: 9.024 Thread 0x00000208f314f000 DEOPT PACKING pc=0x00000208de839830 sp=0x00000045efafd260
Event: 9.024 Thread 0x00000208f314f000 DEOPT UNPACKING pc=0x00000208d6cb912f sp=0x00000045efafd0d8 mode 2
Event: 9.024 Thread 0x00000208f314f000 Uncommon trap: trap_request=0xffffffde fr.pc=0x00000208de839830 relative=0x0000000000000a30
Event: 9.024 Thread 0x00000208f314f000 Uncommon trap: reason=class_check action=maybe_recompile pc=0x00000208de839830 method=sun.awt.SunToolkit.getContainingWindow(Ljava/awt/Component;)Ljava/awt/Window; @ 20 c2
Event: 9.024 Thread 0x00000208f314f000 DEOPT PACKING pc=0x00000208de839830 sp=0x00000045efafd260
Event: 9.024 Thread 0x00000208f314f000 DEOPT UNPACKING pc=0x00000208d6cb912f sp=0x00000045efafd0d8 mode 2
Event: 9.024 Thread 0x00000208f314f000 Uncommon trap: trap_request=0xffffffde fr.pc=0x00000208de839830 relative=0x0000000000000a30
Event: 9.024 Thread 0x00000208f314f000 Uncommon trap: reason=class_check action=maybe_recompile pc=0x00000208de839830 method=sun.awt.SunToolkit.getContainingWindow(Ljava/awt/Component;)Ljava/awt/Window; @ 20 c2
Event: 9.024 Thread 0x00000208f314f000 DEOPT PACKING pc=0x00000208de839830 sp=0x00000045efafd260
Event: 9.024 Thread 0x00000208f314f000 DEOPT UNPACKING pc=0x00000208d6cb912f sp=0x00000045efafd0d8 mode 2
Event: 9.033 Thread 0x00000208f314f000 Uncommon trap: trap_request=0xffffffde fr.pc=0x00000208de8226f0 relative=0x00000000000000b0
Event: 9.033 Thread 0x00000208f314f000 Uncommon trap: reason=class_check action=maybe_recompile pc=0x00000208de8226f0 method=java.awt.Component.getBackground()Ljava/awt/Color; @ 21 c2
Event: 9.033 Thread 0x00000208f314f000 DEOPT PACKING pc=0x00000208de8226f0 sp=0x00000045efafeac0
Event: 9.033 Thread 0x00000208f314f000 DEOPT UNPACKING pc=0x00000208d6cb912f sp=0x00000045efafea40 mode 2

Classes unloaded (0 events):
No events

Classes redefined (0 events):
No events

Internal exceptions (20 events):
Event: 0.464 Thread 0x00000208ce4d1000 Exception <a 'java/lang/NoSuchMethodError'{0x00000007103d37a0}: 'java.lang.Object java.lang.invoke.DirectMethodHandle$Holder.invokeStatic(java.lang.Object, int, java.lang.Object, java.lang.Object, java.lang.Object)'> (0x00000007103d37a0) 
thrown [./open/src/hotspot/share/interpreter/linkResolver.cpp, line 766]
Event: 0.464 Thread 0x00000208ce4d1000 Exception <a 'java/lang/NoSuchMethodError'{0x00000007103d6ff0}: 'java.lang.Object java.lang.invoke.DirectMethodHandle$Holder.invokeSpecial(java.lang.Object, java.lang.Object, int, java.lang.Object, java.lang.Object, java.lang.Object)'> (0x00000007103d6ff0) 
thrown [./open/src/hotspot/share/interpreter/linkResolver.cpp, line 766]
Event: 0.467 Thread 0x00000208ce4d1000 Exception <a 'java/lang/NoSuchMethodError'{0x00000007103ed398}: 'java.lang.Object java.lang.invoke.DirectMethodHandle$Holder.invokeStatic(java.lang.Object, int, java.lang.Object)'> (0x00000007103ed398) 
thrown [./open/src/hotspot/share/interpreter/linkResolver.cpp, line 766]
Event: 0.487 Thread 0x00000208ce4d1000 Exception <a 'java/lang/ClassNotFoundException'{0x00000007102918c0}: com/sun/swing/internal/plaf/metal/resources/spi/metalProvider> (0x00000007102918c0) 
thrown [./open/src/hotspot/share/classfile/systemDictionary.cpp, line 226]
Event: 0.488 Thread 0x00000208ce4d1000 Exception <a 'java/lang/ClassNotFoundException'{0x0000000710295968}: com/sun/swing/internal/plaf/basic/resources/spi/basicProvider> (0x0000000710295968) 
thrown [./open/src/hotspot/share/classfile/systemDictionary.cpp, line 226]
Event: 0.493 Thread 0x00000208ce4d1000 Implicit null exception at 0x00000208de770be8 to 0x00000208de770c7a
Event: 0.515 Thread 0x00000208ce4d1000 Implicit null exception at 0x00000208de75a82f to 0x00000208de75a8ad
Event: 0.637 Thread 0x00000208ce4d1000 Exception <a 'java/lang/NoSuchMethodError'{0x0000000710003460}: 'void java.lang.invoke.DirectMethodHandle$Holder.invokeStaticInit(java.lang.Object)'> (0x0000000710003460) 
thrown [./open/src/hotspot/share/interpreter/linkResolver.cpp, line 766]
Event: 0.643 Thread 0x00000208ce4d1000 Exception <a 'java/lang/NoSuchMethodError'{0x0000000710029b68}: 'java.lang.Object java.lang.invoke.Invokers$Holder.linkToTargetMethod(java.lang.Object, int, java.lang.Object)'> (0x0000000710029b68) 
thrown [./open/src/hotspot/share/interpreter/linkResolver.cpp, line 766]
Event: 0.647 Thread 0x00000208ce4d1000 Exception <a 'sun/nio/fs/WindowsException'{0x000000071002fa68}> (0x000000071002fa68) 
thrown [./open/src/hotspot/share/prims/jni.cpp, line 599]
Event: 2.937 Thread 0x00000208ce4d1000 Exception <a 'sun/nio/fs/WindowsException'{0x000000070ff3bc88}> (0x000000070ff3bc88) 
thrown [./open/src/hotspot/share/prims/jni.cpp, line 599]
Event: 3.060 Thread 0x00000208ce4d1000 Exception <a 'java/lang/NoSuchMethodError'{0x0000000710598ec8}: 'java.lang.Object java.lang.invoke.DirectMethodHandle$Holder.invokeStaticInit(java.lang.Object, java.lang.Object, java.lang.Object)'> (0x0000000710598ec8) 
thrown [./open/src/hotspot/share/interpreter/linkResolver.cpp, line 766]
Event: 3.062 Thread 0x00000208ce4d1000 Exception <a 'java/lang/NoSuchMethodError'{0x00000007105b1760}: 'int java.lang.invoke.DirectMethodHandle$Holder.invokeInterface(java.lang.Object, java.lang.Object)'> (0x00000007105b1760) 
thrown [./open/src/hotspot/share/interpreter/linkResolver.cpp, line 766]
Event: 3.063 Thread 0x00000208ce4d1000 Exception <a 'java/lang/IncompatibleClassChangeError'{0x00000007105b4510}: Found class java.lang.Object, but interface was expected> (0x00000007105b4510) 
thrown [./open/src/hotspot/share/interpreter/linkResolver.cpp, line 832]
Event: 3.141 Thread 0x00000208ce4d1000 Exception <a 'sun/nio/fs/WindowsException'{0x0000000710203f00}> (0x0000000710203f00) 
thrown [./open/src/hotspot/share/prims/jni.cpp, line 599]
Event: 3.655 Thread 0x00000208ce4d1000 Exception <a 'java/lang/NoSuchMethodError'{0x00000007108b1980}: 'java.lang.Object java.lang.invoke.DirectMethodHandle$Holder.invokeStatic(java.lang.Object, java.lang.Object, java.lang.Object, java.lang.Object, java.lang.Object, java.lang.Object, java.lang.Object, java.lang.Object, java.lang.Object, java.lang.Object, java.lang.Object, java.lang.Object, java.lang.Object, java.lang.Object, java.lang.Object)'> (0x00000007108b1980) 
thrown [./open/src/hotspot/share/interpreter/linkResolver.cpp, line 766]
Event: 3.656 Thread 0x00000208ce4d1000 Exception <a 'java/lang/NoSuchMethodError'{0x00000007108bdd70}: 'java.lang.Object java.lang.invoke.DirectMethodHandle$Holder.invokeStatic(java.lang.Object, java.lang.Object, java.lang.Object, java.lang.Object, java.lang.Object, java.lang.Object, java.lang.Object, java.lang.Object, java.lang.Object, java.lang.Object, java.lang.Object, java.lang.Object, java.lang.Object, java.lang.Object, java.lang.Object, java.lang.Object)'> (0x00000007108bdd70) 
thrown [./open/src/hotspot/share/interpreter/linkResolver.cpp
Event: 3.657 Thread 0x00000208ce4d1000 Exception <a 'java/lang/NoSuchMethodError'{0x00000007108ca3a0}: 'java.lang.Object java.lang.invoke.DirectMethodHandle$Holder.invokeSpecial(java.lang.Object, java.lang.Object, long, int, int, int, int, int, java.lang.Object, int, java.lang.Object)'> (0x00000007108ca3a0) 
thrown [./open/src/hotspot/share/interpreter/linkResolver.cpp, line 766]
Event: 3.657 Thread 0x00000208ce4d1000 Exception <a 'java/lang/NoSuchMethodError'{0x00000007108cd610}: 'java.lang.Object java.lang.invoke.DelegatingMethodHandle$Holder.reinvoke_L(java.lang.Object, long, int, int, int, int, int, java.lang.Object, int, java.lang.Object)'> (0x00000007108cd610) 
thrown [./open/src/hotspot/share/interpreter/linkResolver.cpp, line 766]
Event: 8.998 Thread 0x00000208f314f000 Implicit null exception at 0x00000208de830540 to 0x00000208de8309cc

Events (20 events):
Event: 9.005 Executing VM operation: HandshakeOneThread
Event: 9.005 Executing VM operation: HandshakeOneThread done
Event: 9.008 Executing VM operation: HandshakeOneThread
Event: 9.008 Executing VM operation: HandshakeOneThread done
Event: 9.010 Executing VM operation: HandshakeOneThread
Event: 9.010 Executing VM operation: HandshakeOneThread done
Event: 9.014 Executing VM operation: HandshakeOneThread
Event: 9.014 Executing VM operation: HandshakeOneThread done
Event: 9.014 Executing VM operation: HandshakeOneThread
Event: 9.014 Executing VM operation: HandshakeOneThread done
Event: 9.014 Executing VM operation: HandshakeOneThread
Event: 9.014 Executing VM operation: HandshakeOneThread done
Event: 9.014 Executing VM operation: HandshakeOneThread
Event: 9.014 Executing VM operation: HandshakeOneThread done
Event: 9.015 loading class javax/swing/JTable$5
Event: 9.015 loading class javax/swing/JTable$5 done
Event: 9.027 Executing VM operation: HandshakeOneThread
Event: 9.027 Executing VM operation: HandshakeOneThread done
Event: 9.531 loading class javax/swing/Timer$1
Event: 9.531 loading class javax/swing/Timer$1 done


Dynamic libraries:
0x00007ff6cc2f0000 - 0x00007ff6cc2ff000 	C:\Users\Richard\Documents\Software\Oracle\Java\jdk-14.0.2\bin\javaw.exe
0x00007ffefc7a0000 - 0x00007ffefc990000 	C:\WINDOWS\SYSTEM32\ntdll.dll
0x00007ffefab90000 - 0x00007ffefac42000 	C:\WINDOWS\System32\KERNEL32.DLL
0x00007ffef99e0000 - 0x00007ffef9c85000 	C:\WINDOWS\System32\KERNELBASE.dll
0x00007ffefa5e0000 - 0x00007ffefa6da000 	C:\WINDOWS\System32\ucrtbase.dll
0x00007ffef5ee0000 - 0x00007ffef5ef8000 	C:\Users\Richard\Documents\Software\Oracle\Java\jdk-14.0.2\bin\jli.dll
0x00007ffefc410000 - 0x00007ffefc4b3000 	C:\WINDOWS\System32\ADVAPI32.dll
0x00007ffefb820000 - 0x00007ffefb8be000 	C:\WINDOWS\System32\msvcrt.dll
0x00007ffef5ec0000 - 0x00007ffef5ed5000 	C:\Users\Richard\Documents\Software\Oracle\Java\jdk-14.0.2\bin\VCRUNTIME140.dll
0x00007ffefac50000 - 0x00007ffeface7000 	C:\WINDOWS\System32\sechost.dll
0x00007ffefa9a0000 - 0x00007ffefaac0000 	C:\WINDOWS\System32\RPCRT4.dll
0x00007ffefb620000 - 0x00007ffefb7b4000 	C:\WINDOWS\System32\USER32.dll
0x00007ffefa5b0000 - 0x00007ffefa5d1000 	C:\WINDOWS\System32\win32u.dll
0x00007ffefc3e0000 - 0x00007ffefc406000 	C:\WINDOWS\System32\GDI32.dll
0x00007ffef97e0000 - 0x00007ffef9976000 	C:\WINDOWS\System32\gdi32full.dll
0x00007ffefa730000 - 0x00007ffefa7ce000 	C:\WINDOWS\System32\msvcp_win.dll
0x00007ffef10f0000 - 0x00007ffef1374000 	C:\WINDOWS\WinSxS\amd64_microsoft.windows.common-controls_6595b64144ccf1df_6.0.18362.1139_none_9e7bf2d3e4605ac6\COMCTL32.dll
0x00007ffefbed0000 - 0x00007ffefc205000 	C:\WINDOWS\System32\combase.dll
0x00007ffefa7d0000 - 0x00007ffefa850000 	C:\WINDOWS\System32\bcryptPrimitives.dll
0x00007ffef5260000 - 0x00007ffef526a000 	C:\WINDOWS\SYSTEM32\VERSION.dll
0x00007ffefb3f0000 - 0x00007ffefb41e000 	C:\WINDOWS\System32\IMM32.DLL
0x00007ffeee1e0000 - 0x00007ffeee27b000 	C:\Users\Richard\Documents\Software\Oracle\Java\jdk-14.0.2\bin\msvcp140.dll
0x00007ffecfdf0000 - 0x00007ffed090e000 	C:\Users\Richard\Documents\Software\Oracle\Java\jdk-14.0.2\bin\server\jvm.dll
0x00007ffefb550000 - 0x00007ffefb558000 	C:\WINDOWS\System32\PSAPI.DLL
0x00007ffef7870000 - 0x00007ffef7894000 	C:\WINDOWS\SYSTEM32\WINMM.dll
0x00007ffeea260000 - 0x00007ffeea269000 	C:\WINDOWS\SYSTEM32\WSOCK32.dll
0x00007ffefc210000 - 0x00007ffefc27f000 	C:\WINDOWS\System32\WS2_32.dll
0x00007ffef7840000 - 0x00007ffef786d000 	C:\WINDOWS\SYSTEM32\WINMMBASE.dll
0x00007ffefa6e0000 - 0x00007ffefa72a000 	C:\WINDOWS\System32\cfgmgr32.dll
0x00007ffef9670000 - 0x00007ffef9681000 	C:\WINDOWS\System32\kernel.appcore.dll
0x00007ffef5ea0000 - 0x00007ffef5eaa000 	C:\Users\Richard\Documents\Software\Oracle\Java\jdk-14.0.2\bin\jimage.dll
0x00007ffee45f0000 - 0x00007ffee47e4000 	C:\WINDOWS\SYSTEM32\DBGHELP.DLL
0x00007ffee45c0000 - 0x00007ffee45ea000 	C:\WINDOWS\SYSTEM32\dbgcore.DLL
0x00007ffef5e70000 - 0x00007ffef5e95000 	C:\Users\Richard\Documents\Software\Oracle\Java\jdk-14.0.2\bin\java.dll
0x00007ffef4ea0000 - 0x00007ffef4eb6000 	C:\Users\Richard\Documents\Software\Oracle\Java\jdk-14.0.2\bin\zip.dll
0x00007ffefad00000 - 0x00007ffefb3e7000 	C:\WINDOWS\System32\SHELL32.dll
0x00007ffefb570000 - 0x00007ffefb619000 	C:\WINDOWS\System32\shcore.dll
0x00007ffef9c90000 - 0x00007ffefa410000 	C:\WINDOWS\System32\windows.storage.dll
0x00007ffef96e0000 - 0x00007ffef9703000 	C:\WINDOWS\System32\profapi.dll
0x00007ffef9690000 - 0x00007ffef96da000 	C:\WINDOWS\System32\powrprof.dll
0x00007ffef9660000 - 0x00007ffef9670000 	C:\WINDOWS\System32\UMPDC.dll
0x00007ffefbe70000 - 0x00007ffefbec2000 	C:\WINDOWS\System32\shlwapi.dll
0x00007ffefa590000 - 0x00007ffefa5a7000 	C:\WINDOWS\System32\cryptsp.dll
0x00007ffef4490000 - 0x00007ffef44a9000 	C:\Users\Richard\Documents\Software\Oracle\Java\jdk-14.0.2\bin\net.dll
0x00007ffeed5b0000 - 0x00007ffeed6a0000 	C:\WINDOWS\SYSTEM32\WINHTTP.dll
0x00007ffef8eb0000 - 0x00007ffef8f17000 	C:\WINDOWS\system32\mswsock.dll
0x00007ffef4470000 - 0x00007ffef4482000 	C:\Users\Richard\Documents\Software\Oracle\Java\jdk-14.0.2\bin\nio.dll
0x00007ffee4290000 - 0x00007ffee4429000 	C:\Users\Richard\Documents\Software\Oracle\Java\jdk-14.0.2\bin\awt.dll
0x00007ffefa850000 - 0x00007ffefa915000 	C:\WINDOWS\System32\OLEAUT32.dll
0x00007ffef7540000 - 0x00007ffef75cf000 	C:\WINDOWS\SYSTEM32\apphelp.dll
0x00007ffef7de0000 - 0x00007ffef7e0d000 	C:\WINDOWS\system32\DWMAPI.DLL
0x00007ffef79b0000 - 0x00007ffef7a49000 	C:\WINDOWS\system32\uxtheme.dll
0x00007ffedd090000 - 0x00007ffedd1e6000 	C:\WINDOWS\system32\opengl32.dll
0x00007ffef4440000 - 0x00007ffef446c000 	C:\WINDOWS\SYSTEM32\GLU32.dll
0x00007ffef83f0000 - 0x00007ffef8410000 	C:\WINDOWS\SYSTEM32\dxcore.dll
0x00007ffefbd30000 - 0x00007ffefbe65000 	C:\WINDOWS\System32\MSCTF.dll
0x00007ffefc280000 - 0x00007ffefc3d7000 	C:\WINDOWS\System32\ole32.dll
0x00007ffef2320000 - 0x00007ffef24e7000 	C:\WINDOWS\system32\d3d9.dll
0x00007ffef1000000 - 0x00007ffef10ee000 	C:\WINDOWS\System32\DriverStore\FileRepository\nv_dispi.inf_amd64_db678424d2641c3d\nvldumdx.dll
0x00007ffefa440000 - 0x00007ffefa589000 	C:\WINDOWS\System32\crypt32.dll
0x00007ffef9710000 - 0x00007ffef9722000 	C:\WINDOWS\System32\MSASN1.dll
0x00007ffef9980000 - 0x00007ffef99dc000 	C:\WINDOWS\System32\WINTRUST.DLL
0x00007ffefb4d0000 - 0x00007ffefb4ed000 	C:\WINDOWS\System32\imagehlp.dll
0x00007ffef8a20000 - 0x00007ffef8a53000 	C:\WINDOWS\system32\rsaenh.dll
0x00007ffefa410000 - 0x00007ffefa436000 	C:\WINDOWS\System32\bcrypt.dll
0x00007ffef9080000 - 0x00007ffef908c000 	C:\WINDOWS\SYSTEM32\CRYPTBASE.dll
0x00007ffeb5170000 - 0x00007ffeb660b000 	C:\WINDOWS\System32\DriverStore\FileRepository\nv_dispi.inf_amd64_db678424d2641c3d\nvd3dumx.dll
0x00007ffef8260000 - 0x00007ffef8282000 	C:\WINDOWS\SYSTEM32\gpapi.dll
0x00007ffee0130000 - 0x00007ffee015f000 	C:\WINDOWS\SYSTEM32\cryptnet.dll
0x00007ffee6fd0000 - 0x00007ffee7052000 	C:\Users\Richard\Documents\Software\Oracle\Java\jdk-14.0.2\bin\freetype.dll
0x00007ffedcfe0000 - 0x00007ffedd086000 	C:\Users\Richard\Documents\Software\Oracle\Java\jdk-14.0.2\bin\fontmanager.dll
0x00007ffeedb00000 - 0x00007ffeedb9e000 	C:\WINDOWS\System32\TextInputFramework.dll
0x00007ffef72c0000 - 0x00007ffef7394000 	C:\WINDOWS\System32\CoreMessaging.dll
0x00007ffef4090000 - 0x00007ffef43ba000 	C:\WINDOWS\System32\CoreUIComponents.dll
0x00007ffef86a0000 - 0x00007ffef86d1000 	C:\WINDOWS\SYSTEM32\ntmarta.dll
0x00007ffef4650000 - 0x00007ffef47a3000 	C:\WINDOWS\SYSTEM32\wintypes.dll
0x00007ffeea530000 - 0x00007ffeea7d7000 	C:\WINDOWS\System32\iertutil.dll
0x00007ffef4430000 - 0x00007ffef4439000 	C:\Users\Richard\Documents\Software\Oracle\Java\jdk-14.0.2\bin\management.dll
0x00007ffef2d80000 - 0x00007ffef2d8b000 	C:\Users\Richard\Documents\Software\Oracle\Java\jdk-14.0.2\bin\management_ext.dll
0x00007ffef2d70000 - 0x00007ffef2d80000 	C:\Users\Richard\Documents\Software\Oracle\Java\jdk-14.0.2\bin\verify.dll

dbghelp: loaded successfully - version: 4.0.5 - missing functions: none
symbol engine: initialized successfully - sym options: 0x614 - pdb path: .;C:\Users\Richard\Documents\Software\Oracle\Java\jdk-14.0.2\bin;C:\WINDOWS\SYSTEM32;C:\WINDOWS\WinSxS\amd64_microsoft.windows.common-controls_6595b64144ccf1df_6.0.18362.1139_none_9e7bf2d3e4605ac6;C:\Users\Richard\Documents\Software\Oracle\Java\jdk-14.0.2\bin\server;C:\WINDOWS\System32\DriverStore\FileRepository\nv_dispi.inf_amd64_db678424d2641c3d

VM Arguments:
jvm_args: -Dfile.encoding=Cp1252 --module-path=C:\Users\Richard\Documents\Projekte\ZweiEuroMünzenSammlung\ZweiEuroProgramme\git\easydatabases\bin;C:\Users\Richard\Documents\Projekte\ZweiEuroMünzenSammlung\ZweiEuroProgramme\git\zweieuro\ZweiEuro\lib\derby.jar;C:\Users\Richard\Documents\Projekte\ZweiEuroMünzenSammlung\ZweiEuroProgramme\git\zweieuro\ZweiEuro\lib\derbyclient.jar;C:\Users\Richard\Documents\Projekte\ZweiEuroMünzenSammlung\ZweiEuroProgramme\git\zweieuro\ZweiEuro\lib\derbyLocale_cs.jar;C:\Users\Richard\Documents\Projekte\ZweiEuroMünzenSammlung\ZweiEuroProgramme\git\zweieuro\ZweiEuro\lib\derbyLocale_de_DE.jar;C:\Users\Richard\Documents\Projekte\ZweiEuroMünzenSammlung\ZweiEuroProgramme\git\zweieuro\ZweiEuro\lib\derbyLocale_es.jar;C:\Users\Richard\Documents\Projekte\ZweiEuroMünzenSammlung\ZweiEuroProgramme\git\zweieuro\ZweiEuro\lib\derbyLocale_fr.jar;C:\Users\Richard\Documents\Projekte\ZweiEuroMünzenSammlung\ZweiEuroProgramme\git\zweieuro\ZweiEuro\lib\derbyLocale_hu.jar;C:\Users\Richard\Documents\Projekte\ZweiEuroMünzenSammlung\ZweiEuroProgramme\git\zweieuro\ZweiEuro\lib\derbyLocale_it.jar;C:\Users\Richard\Documents\Projekte\ZweiEuroMünzenSammlung\ZweiEuroProgramme\git\zweieuro\ZweiEuro\lib\derbyLocale_ja_JP.jar;C:\Users\Richard\Documents\Projekte\ZweiEuroMünzenSammlung\ZweiEuroProgramme\git\zweieuro\ZweiEuro\lib\derbyLocale_ko_KR.jar;C:\Users\Richard\Documents\Projekte\ZweiEuroMünzenSammlung\ZweiEuroProgramme\git\zweieuro\ZweiEuro\lib\derbyLocale_pl.jar;C:\Users\Richard\Documents\Projekte\ZweiEuroMünzenSammlung\ZweiEuroProgramme\git\zweieuro\ZweiEuro\lib\derbyLocale_pt_BR.jar;C:\Users\Richard\Documents\Projekte\ZweiEuroMünzenSammlung\ZweiEuroProgramme\git\zweieuro\ZweiEuro\lib\derbyLocale_ru.jar;C:\Users\Richard\Documents\Projekte\ZweiEuroMünzenSammlung\ZweiEuroProgramme\git\zweieuro\ZweiEuro\lib\derbyLocale_zh_CN.jar;C:\Users\Richard\Documents\Projekte\ZweiEuroMünzenSammlung\ZweiEuroProgramme\git\zweieuro\ZweiEuro\lib\derbyLocale_zh_TW.jar;C:\Users\Richard\Documents\Projekte\ZweiEuroMünzen-Djdk.module.main=EasyDatabase 
java_command: EasyDatabase/de.herrmannR.easydatabase.GUI.DatabaseView
java_class_path (initial): <not set>
Launcher Type: SUN_STANDARD

[Global flags]
     intx CICompilerCount                          = 3                                         {product} {ergonomic}
     uint ConcGCThreads                            = 1                                         {product} {ergonomic}
     uint G1ConcRefinementThreads                  = 4                                         {product} {ergonomic}
   size_t G1HeapRegionSize                         = 1048576                                   {product} {ergonomic}
    uintx GCDrainStackTargetSize                   = 64                                        {product} {ergonomic}
   size_t InitialHeapSize                          = 268435456                                 {product} {ergonomic}
   size_t MarkStackSize                            = 4194304                                   {product} {ergonomic}
   size_t MaxHeapSize                              = 4284481536                                {product} {ergonomic}
   size_t MaxNewSize                               = 2570059776                                {product} {ergonomic}
   size_t MinHeapDeltaBytes                        = 1048576                                   {product} {ergonomic}
   size_t MinHeapSize                              = 8388608                                   {product} {ergonomic}
    uintx NonNMethodCodeHeapSize                   = 5832780                                {pd product} {ergonomic}
    uintx NonProfiledCodeHeapSize                  = 122912730                              {pd product} {ergonomic}
    uintx ProfiledCodeHeapSize                     = 122912730                              {pd product} {ergonomic}
    uintx ReservedCodeCacheSize                    = 251658240                              {pd product} {ergonomic}
     bool SegmentedCodeCache                       = true                                      {product} {ergonomic}
   size_t SoftMaxHeapSize                          = 4284481536                             {manageable} {ergonomic}
     bool UseCompressedClassPointers               = true                                 {lp64_product} {ergonomic}
     bool UseCompressedOops                        = true                                 {lp64_product} {ergonomic}
     bool UseG1GC                                  = true                                      {product} {ergonomic}
     bool UseLargePagesIndividualAllocation        = false                                  {pd product} {ergonomic}

Logging:
Log output configuration:
 #0: stdout all=warning uptime,level,tags
 #1: stderr all=off uptime,level,tags

Environment Variables:
JAVA_HOME=C:\Program Files\Java\jdk1.8.0_151
PATH=C:/Program Files/Java/jre1.8.0_261/bin/server;C:/Program Files/Java/jre1.8.0_261/bin;C:/Program Files/Java/jre1.8.0_261/lib/amd64;C:\Program Files (x86)\Common Files\Oracle\Java\javapath;C:\Program Files (x86)\iis express\PHP\v5.3;C:\ProgramData\Oracle\Java\javapath;C:\Windows\system32;C:\Windows;C:\Windows\System32\Wbem;C:\Windows\System32\WindowsPowerShell\v1.0\;C:\Program Files (x86)\Windows Live\Shared;C:\Users\Richard\AppData\Local\Microsoft\WindowsApps;C:\WINDOWS\system32;C:\WINDOWS;C:\WINDOWS\System32\Wbem;C:\WINDOWS\System32\WindowsPowerShell\v1.0\;C:\WINDOWS\System32\OpenSSH\;C:\Users\Richard\Documents\Software\PHP\php-7.2.10-Win32-VC15-x64;C:\ProgramData\ComposerSetup\bin;C:\Program Files\Git\cmd;C:\Users\Richard\AppData\Local\Microsoft\WindowsApps;C:\Users\Richard\AppData\Roaming\Composer\vendor\bin;C:\Users\Richard\Documents\Software\Eclipse\eclipse;
USERNAME=Richard
OS=Windows_NT
PROCESSOR_IDENTIFIER=AMD64 Family 23 Model 1 Stepping 1, AuthenticAMD



---------------  S Y S T E M  ---------------

OS: Windows 10 , 64 bit Build 18362 (10.0.18362.1110)
OS uptime: 0 days 3:46 hours

CPU:total 4 (initial active 4) (4 cores per cpu, 1 threads per core) family 23 model 1 stepping 1, cmov, cx8, fxsr, mmx, sse, sse2, sse3, ssse3, sse4.1, sse4.2, popcnt, avx, avx2, aes, clmul, mmxext, 3dnowpref, lzcnt, sse4a, tsc, tscinvbit, tscinv, bmi1, bmi2, adx, sha, fma

Memory: 4k page, system-wide physical 16336M (9034M free)
TotalPageFile size 65488M (AvailPageFile size 23M)
current process WorkingSet (physical memory assigned to process): 116M, peak: 123M
current process commit charge ("private bytes"): 162M, peak: 399M

vm_info: Java HotSpot(TM) 64-Bit Server VM (14.0.2+12-46) for windows-amd64 JRE (14.0.2+12-46), built on Jul  9 2020 00:35:52 by "mach5one" with MS VC++ 15.9 (VS2017)

END.
