#
# There is insufficient memory for the Java Runtime Environment to continue.
# Native memory allocation (malloc) failed to allocate 345936 bytes for Chunk::new
# Possible reasons:
#   The system is out of physical RAM or swap space
#   The process is running with CompressedOops enabled, and the Java Heap may be blocking the growth of the native heap
# Possible solutions:
#   Reduce memory load on the system
#   Increase physical memory or swap space
#   Check if swap backing store is full
#   Decrease Java heap size (-Xmx/-Xms)
#   Decrease number of Java threads
#   Decrease Java thread stack sizes (-Xss)
#   Set larger code cache with -XX:ReservedCodeCacheSize=
#   JVM is running with Zero Based Compressed Oops mode in which the Java heap is
#     placed in the first 32GB address space. The Java Heap base address is the
#     maximum limit for the native heap growth. Please use -XX:HeapBaseMinAddress
#     to set the Java Heap base and to place the Java Heap above 32GB virtual address.
# This output file may be truncated or incomplete.
#
#  Out of Memory Error (./open/src/hotspot/share/memory/arena.cpp:195), pid=31824, tid=27096
#
# JRE version: Java(TM) SE Runtime Environment (14.0.2+12) (build 14.0.2+12-46)
# Java VM: Java HotSpot(TM) 64-Bit Server VM (14.0.2+12-46, mixed mode, sharing, tiered, compressed oops, g1 gc, windows-amd64)
# No core dump will be written. Minidumps are not enabled by default on client versions of Windows
#

---------------  S U M M A R Y ------------

Command Line: -Dfile.encoding=Cp1252 --module-path=C:\Users\Richard\Documents\Projekte\ZweiEuroMünzenSammlung\ZweiEuroProgramme\git\easydatabases\bin;C:\Users\Richard\Documents\Projekte\ZweiEuroMünzenSammlung\ZweiEuroProgramme\git\zweieuro\ZweiEuro\lib\derby.jar;C:\Users\Richard\Documents\Projekte\ZweiEuroMünzenSammlung\ZweiEuroProgramme\git\zweieuro\ZweiEuro\lib\derbyclient.jar;C:\Users\Richard\Documents\Projekte\ZweiEuroMünzenSammlung\ZweiEuroProgramme\git\zweieuro\ZweiEuro\lib\derbyLocale_cs.jar;C:\Users\Richard\Documents\Projekte\ZweiEuroMünzenSammlung\ZweiEuroProgramme\git\zweieuro\ZweiEuro\lib\derbyLocale_de_DE.jar;C:\Users\Richard\Documents\Projekte\ZweiEuroMünzenSammlung\ZweiEuroProgramme\git\zweieuro\ZweiEuro\lib\derbyLocale_es.jar;C:\Users\Richard\Documents\Projekte\ZweiEuroMünzenSammlung\ZweiEuroProgramme\git\zweieuro\ZweiEuro\lib\derbyLocale_fr.jar;C:\Users\Richard\Documents\Projekte\ZweiEuroMünzenSammlung\ZweiEuroProgramme\git\zweieuro\ZweiEuro\lib\derbyLocale_hu.jar;C:\Users\Richard\Documents\Projekte\ZweiEuroMünzenSammlung\ZweiEuroProgramme\git\zweieuro\ZweiEuro\lib\derbyLocale_it.jar;C:\Users\Richard\Documents\Projekte\ZweiEuroMünzenSammlung\ZweiEuroProgramme\git\zweieuro\ZweiEuro\lib\derbyLocale_ja_JP.jar;C:\Users\Richard\Documents\Projekte\ZweiEuroMünzenSammlung\ZweiEuroProgramme\git\zweieuro\ZweiEuro\lib\derbyLocale_ko_KR.jar;C:\Users\Richard\Documents\Projekte\ZweiEuroMünzenSammlung\ZweiEuroProgramme\git\zweieuro\ZweiEuro\lib\derbyLocale_pl.jar;C:\Users\Richard\Documents\Projekte\ZweiEuroMünzenSammlung\ZweiEuroProgramme\git\zweieuro\ZweiEuro\lib\derbyLocale_pt_BR.jar;C:\Users\Richard\Documents\Projekte\ZweiEuroMünzenSammlung\ZweiEuroProgramme\git\zweieuro\ZweiEuro\lib\derbyLocale_ru.jar;C:\Users\Richard\Documents\Projekte\ZweiEuroMünzenSammlung\ZweiEuroProgramme\git\zweieuro\ZweiEuro\lib\derbyLocale_zh_CN.jar;C:\Users\Richard\Documents\Projekte\ZweiEuroMünzenSammlung\ZweiEuroProgramme\git\zweieuro\ZweiEuro\lib\derbyLocale_zh_TW.jar;C:\Users\Richard\Documents\Projekte\ZweiEuroMünzen-Djdk.module.main=EasyDatabase EasyDatabase/de.herrmannR.easydatabase.GUI.DatabaseView

Host: AMD Ryzen 3 1200 Quad-Core Processor           , 4 cores, 15G,  Windows 10 , 64 bit Build 18362 (10.0.18362.1110)
Time: Thu Oct 22 13:23:16 2020 Mitteleuropäische Sommerzeit elapsed time: 114 seconds (0d 0h 1m 54s)

---------------  T H R E A D  ---------------

Current thread (0x00000242cf55d800):  JavaThread "C2 CompilerThread0" daemon [_thread_in_native, id=27096, stack(0x000000f71e700000,0x000000f71e800000)]


Current CompileTask:
C2: 114184 3251       4       sun.java2d.pipe.BufferedContext::validate (575 bytes)

Stack: [0x000000f71e700000,0x000000f71e800000]
Native frames: (J=compiled Java code, j=interpreted, Vv=VM code, C=native code)
V  [jvm.dll+0x5f8a9a]
V  [jvm.dll+0x74247a]
V  [jvm.dll+0x743c2f]
V  [jvm.dll+0x744273]
V  [jvm.dll+0x20d288]
V  [jvm.dll+0xabb07]
V  [jvm.dll+0xac1fc]
V  [jvm.dll+0x31c495]
V  [jvm.dll+0x18cc10]
V  [jvm.dll+0x1e5efa]
V  [jvm.dll+0x1e50b8]
V  [jvm.dll+0x1779cc]
V  [jvm.dll+0x1f4105]
V  [jvm.dll+0x1f22eb]
V  [jvm.dll+0x7070cd]
V  [jvm.dll+0x6ffeda]
V  [jvm.dll+0x5f78f6]
C  [ucrtbase.dll+0x210b2]
C  [KERNEL32.DLL+0x17c24]
C  [ntdll.dll+0x6cea1]


---------------  P R O C E S S  ---------------

Threads class SMR info:
_java_thread_list=0x00000242d04d4ca0, length=19, elements={
0x00000242cecb2800, 0x00000242cecbb800, 0x00000242cf554000, 0x00000242cf557000,
0x00000242cf558800, 0x00000242cf55d800, 0x00000242cf569800, 0x00000242cf574800,
0x00000242cf550800, 0x00000242cf7a5800, 0x00000242d0138000, 0x00000242d0351800,
0x00000242d010d000, 0x00000242d0d67000, 0x00000242d054f000, 0x00000242d001d800,
0x00000242d0afb800, 0x00000242d0585000, 0x00000242d0587800
}

Java Threads: ( => current thread )
  0x00000242cecb2800 JavaThread "Reference Handler" daemon [_thread_blocked, id=32708, stack(0x000000f71e200000,0x000000f71e300000)]
  0x00000242cecbb800 JavaThread "Finalizer" daemon [_thread_blocked, id=32496, stack(0x000000f71e300000,0x000000f71e400000)]
  0x00000242cf554000 JavaThread "Signal Dispatcher" daemon [_thread_blocked, id=30932, stack(0x000000f71e400000,0x000000f71e500000)]
  0x00000242cf557000 JavaThread "Attach Listener" daemon [_thread_blocked, id=31976, stack(0x000000f71e500000,0x000000f71e600000)]
  0x00000242cf558800 JavaThread "Service Thread" daemon [_thread_blocked, id=32732, stack(0x000000f71e600000,0x000000f71e700000)]
=>0x00000242cf55d800 JavaThread "C2 CompilerThread0" daemon [_thread_in_native, id=27096, stack(0x000000f71e700000,0x000000f71e800000)]
  0x00000242cf569800 JavaThread "C1 CompilerThread0" daemon [_thread_blocked, id=31820, stack(0x000000f71e800000,0x000000f71e900000)]
  0x00000242cf574800 JavaThread "Sweeper thread" daemon [_thread_blocked, id=27776, stack(0x000000f71e900000,0x000000f71ea00000)]
  0x00000242cf550800 JavaThread "Common-Cleaner" daemon [_thread_blocked, id=32176, stack(0x000000f71ea00000,0x000000f71eb00000)]
  0x00000242cf7a5800 JavaThread "Notification Thread" daemon [_thread_blocked, id=30744, stack(0x000000f71ec00000,0x000000f71ed00000)]
  0x00000242d0138000 JavaThread "Java2D Disposer" daemon [_thread_blocked, id=25940, stack(0x000000f71ee00000,0x000000f71ef00000)]
  0x00000242d0351800 JavaThread "AWT-Shutdown" [_thread_blocked, id=31952, stack(0x000000f71ef00000,0x000000f71f000000)]
  0x00000242d010d000 JavaThread "AWT-Windows" daemon [_thread_in_native, id=32348, stack(0x000000f71f000000,0x000000f71f100000)]
  0x00000242d0d67000 JavaThread "AWT-EventQueue-0" [_thread_blocked, id=24360, stack(0x000000f71f400000,0x000000f71f500000)]
  0x00000242d054f000 JavaThread "D3D Screen Updater" daemon [_thread_in_native, id=31296, stack(0x000000f71f500000,0x000000f71f600000)]
  0x00000242d001d800 JavaThread "Timer-0" daemon [_thread_blocked, id=32172, stack(0x000000f71f800000,0x000000f71f900000)]
  0x00000242d0afb800 JavaThread "derby.rawStoreDaemon" daemon [_thread_blocked, id=28424, stack(0x000000f71fa00000,0x000000f71fb00000)]
  0x00000242d0585000 JavaThread "DestroyJavaVM" [_thread_blocked, id=236, stack(0x000000f71db00000,0x000000f71dc00000)]
  0x00000242d0587800 JavaThread "TimerQueue" daemon [_thread_blocked, id=32692, stack(0x000000f71f900000,0x000000f71fa00000)]

Other Threads:
  0x00000242cecaf800 VMThread "VM Thread" [stack: 0x000000f71e100000,0x000000f71e200000] [id=32340]
  0x00000242cff62800 WatcherThread [stack: 0x000000f71ed00000,0x000000f71ee00000] [id=32156]
  0x00000242ab89a800 GCTaskThread "GC Thread#0" [stack: 0x000000f71dc00000,0x000000f71dd00000] [id=32476]
  0x00000242cf838000 GCTaskThread "GC Thread#1" [stack: 0x000000f71f300000,0x000000f71f400000] [id=32308]
  0x00000242d0c5a800 GCTaskThread "GC Thread#2" [stack: 0x000000f71f600000,0x000000f71f700000] [id=32592]
  0x00000242cffc3800 GCTaskThread "GC Thread#3" [stack: 0x000000f71f700000,0x000000f71f800000] [id=32688]
  0x00000242ab8bd800 ConcurrentGCThread "G1 Main Marker" [stack: 0x000000f71dd00000,0x000000f71de00000] [id=29260]
  0x00000242ab8be800 ConcurrentGCThread "G1 Conc#0" [stack: 0x000000f71de00000,0x000000f71df00000] [id=27608]
  0x00000242ceb9a800 ConcurrentGCThread "G1 Refine#0" [stack: 0x000000f71df00000,0x000000f71e000000] [id=32500]
  0x00000242ceb9d800 ConcurrentGCThread "G1 Young RemSet Sampling" [stack: 0x000000f71e000000,0x000000f71e100000] [id=31300]

Threads with active compile tasks:
C2 CompilerThread0   114287 3251       4       sun.java2d.pipe.BufferedContext::validate (575 bytes)

VM state:not at safepoint (normal execution)

VM Mutex/Monitor currently owned by a thread: None

Heap address: 0x0000000700a00000, size: 4086 MB, Compressed Oops mode: Zero based, Oop shift amount: 3
Narrow klass base: 0x0000000800000000, Narrow klass shift: 3
Compressed class space size: 1073741824 Address: 0x0000000800b30000

Heap:
 garbage-first heap   total 27648K, used 25714K [0x0000000700a00000, 0x0000000800000000)
  region size 1024K, 18 young (18432K), 3 survivors (3072K)
 Metaspace       used 23566K, capacity 24613K, committed 24832K, reserved 1071104K
  class space    used 2807K, capacity 3519K, committed 3584K, reserved 1048576K
Heap Regions: E=young(eden), S=young(survivor), O=old, HS=humongous(starts), HC=humongous(continues), CS=collection set, F=free, OA=open archive, CA=closed archive, TAMS=top-at-mark-start (previous, next)
|   0|0x0000000700a00000, 0x0000000700b00000, 0x0000000700b00000|100%| O|  |TAMS 0x0000000700b00000, 0x0000000700a00000| Untracked 
|   1|0x0000000700b00000, 0x0000000700c00000, 0x0000000700c00000|100%| O|  |TAMS 0x0000000700c00000, 0x0000000700b00000| Untracked 
|   2|0x0000000700c00000, 0x0000000700c91200, 0x0000000700d00000| 56%| O|  |TAMS 0x0000000700c91200, 0x0000000700c00000| Untracked 
|   3|0x0000000700d00000, 0x0000000700e00000, 0x0000000700e00000|100%|HS|  |TAMS 0x0000000700d00000, 0x0000000700d00000| Complete 
|   4|0x0000000700e00000, 0x0000000700f00000, 0x0000000700f00000|100%|HC|  |TAMS 0x0000000700e00000, 0x0000000700e00000| Complete 
|   5|0x0000000700f00000, 0x0000000701000000, 0x0000000701000000|100%|HC|  |TAMS 0x0000000700f00000, 0x0000000700f00000| Complete 
|   6|0x0000000701000000, 0x00000007010e7500, 0x0000000701100000| 90%| E|  |TAMS 0x0000000701000000, 0x0000000701000000| Complete 
|   7|0x0000000701100000, 0x0000000701200000, 0x0000000701200000|100%| E|CS|TAMS 0x0000000701100000, 0x0000000701100000| Complete 
|   8|0x0000000701200000, 0x0000000701300000, 0x0000000701300000|100%| E|CS|TAMS 0x0000000701200000, 0x0000000701200000| Complete 
|   9|0x0000000701300000, 0x0000000701400000, 0x0000000701400000|100%| E|CS|TAMS 0x0000000701300000, 0x0000000701300000| Complete 
|  10|0x0000000701400000, 0x0000000701500000, 0x0000000701500000|100%| E|CS|TAMS 0x0000000701400000, 0x0000000701400000| Complete 
|  11|0x0000000701500000, 0x0000000701600000, 0x0000000701600000|100%| E|CS|TAMS 0x0000000701500000, 0x0000000701500000| Complete 
|  12|0x0000000701600000, 0x0000000701700000, 0x0000000701700000|100%| E|CS|TAMS 0x0000000701600000, 0x0000000701600000| Complete 
|  13|0x0000000701700000, 0x0000000701800000, 0x0000000701800000|100%| E|CS|TAMS 0x0000000701700000, 0x0000000701700000| Complete 
|  14|0x0000000701800000, 0x0000000701900000, 0x0000000701900000|100%| E|CS|TAMS 0x0000000701800000, 0x0000000701800000| Complete 
|  15|0x0000000701900000, 0x0000000701a00000, 0x0000000701a00000|100%| E|CS|TAMS 0x0000000701900000, 0x0000000701900000| Complete 
|  16|0x0000000701a00000, 0x0000000701b00000, 0x0000000701b00000|100%| E|CS|TAMS 0x0000000701a00000, 0x0000000701a00000| Complete 
|  17|0x0000000701b00000, 0x0000000701c00000, 0x0000000701c00000|100%| E|CS|TAMS 0x0000000701b00000, 0x0000000701b00000| Complete 
|  18|0x0000000701c00000, 0x0000000701d00000, 0x0000000701d00000|100%| E|CS|TAMS 0x0000000701c00000, 0x0000000701c00000| Complete 
|  19|0x0000000701d00000, 0x0000000701e00000, 0x0000000701e00000|100%| E|CS|TAMS 0x0000000701d00000, 0x0000000701d00000| Complete 
|  20|0x0000000701e00000, 0x0000000701f00000, 0x0000000701f00000|100%|HS|  |TAMS 0x0000000701e00000, 0x0000000701e00000| Complete 
|  21|0x0000000701f00000, 0x0000000702000000, 0x0000000702000000|100%|HC|  |TAMS 0x0000000701f00000, 0x0000000701f00000| Complete 
|  22|0x0000000702000000, 0x0000000702100000, 0x0000000702100000|100%|HC|  |TAMS 0x0000000702000000, 0x0000000702000000| Complete 
| 242|0x000000070fc00000, 0x000000070fc8b778, 0x000000070fd00000| 54%| S|CS|TAMS 0x000000070fc00000, 0x000000070fc00000| Complete 
| 243|0x000000070fd00000, 0x000000070fe00000, 0x000000070fe00000|100%| S|CS|TAMS 0x000000070fd00000, 0x000000070fd00000| Complete 
| 244|0x000000070fe00000, 0x000000070ff00000, 0x000000070ff00000|100%| S|CS|TAMS 0x000000070fe00000, 0x000000070fe00000| Complete 
| 255|0x0000000710900000, 0x0000000710a00000, 0x0000000710a00000|100%| E|CS|TAMS 0x0000000710900000, 0x0000000710900000| Complete 

Card table byte_map: [0x00000242c37d0000,0x00000242c3fd0000] _byte_map_base: 0x00000242bffcb000

Marking Bits (Prev, Next): (CMBitMap*) 0x00000242ab89c1e8, (CMBitMap*) 0x00000242ab89c1a8
 Prev Bits: [0x00000242c87b0000, 0x00000242cc788000)
 Next Bits: [0x00000242c47d0000, 0x00000242c87a8000)

Polling page: 0x00000242a96b0000

Metaspace:

Usage:
  Non-class:     20.60 MB capacity,    20.27 MB ( 98%) used,   284.96 KB (  1%) free+waste,    50.31 KB ( <1%) overhead. 
      Class:      3.44 MB capacity,     2.74 MB ( 80%) used,   683.67 KB ( 19%) free+waste,    27.75 KB ( <1%) overhead. 
       Both:     24.04 MB capacity,    23.01 MB ( 96%) used,   968.63 KB (  4%) free+waste,    78.06 KB ( <1%) overhead. 

Virtual space:
  Non-class space:       22.00 MB reserved,      20.75 MB ( 94%) committed 
      Class space:        1.00 GB reserved,       3.50 MB ( <1%) committed 
             Both:        1.02 GB reserved,      24.25 MB (  2%) committed 

Chunk freelists:
   Non-Class:  26.00 KB
       Class:  1.00 KB
        Both:  27.00 KB

MaxMetaspaceSize: 17179869184.00 GB
CompressedClassSpaceSize: 1.00 GB

CodeHeap 'non-profiled nmethods': size=120000Kb used=1056Kb max_used=1056Kb free=118943Kb
 bounds [0x00000242bbaa0000, 0x00000242bbd10000, 0x00000242c2fd0000]
CodeHeap 'profiled nmethods': size=120000Kb used=6361Kb max_used=6361Kb free=113638Kb
 bounds [0x00000242b4570000, 0x00000242b4bb0000, 0x00000242bbaa0000]
CodeHeap 'non-nmethods': size=5760Kb used=1482Kb max_used=1498Kb free=4278Kb
 bounds [0x00000242b3fd0000, 0x00000242b4240000, 0x00000242b4570000]
 total_blobs=4069 nmethods=3256 adapters=725
 compilation: enabled
              stopped_count=0, restarted_count=0
 full_count=0

Compilation events (20 events):
Event: 114.123 Thread 0x00000242cf569800 nmethod 3249 0x00000242b4ba2990 code [0x00000242b4ba2b40, 0x00000242b4ba2f28]
Event: 114.124 Thread 0x00000242cf55d800 3250       4       sun.java2d.SunGraphics2D::getRenderingHint (220 bytes)
Event: 114.126 Thread 0x00000242cf55d800 nmethod 3250 0x00000242bbba7790 code [0x00000242bbba7980, 0x00000242bbba7c38]
Event: 114.126 Thread 0x00000242cf55d800 3251       4       sun.java2d.pipe.BufferedContext::validate (575 bytes)
Event: 114.132 Thread 0x00000242cf569800 3252       3       sun.java2d.SunGraphics2D::getClip (9 bytes)
Event: 114.132 Thread 0x00000242cf569800 nmethod 3252 0x00000242b4ba3010 code [0x00000242b4ba31c0, 0x00000242b4ba3308]
Event: 114.132 Thread 0x00000242cf569800 3253   !   3       sun.java2d.SunGraphics2D::untransformShape (44 bytes)
Event: 114.133 Thread 0x00000242cf569800 nmethod 3253 0x00000242b4ba3390 code [0x00000242b4ba3560, 0x00000242b4ba3828]
Event: 114.135 Thread 0x00000242cf569800 3254       3       java.util.LinkedList::node (65 bytes)
Event: 114.135 Thread 0x00000242cf569800 nmethod 3254 0x00000242b4ba3990 code [0x00000242b4ba3b40, 0x00000242b4ba3e38]
Event: 114.136 Thread 0x00000242cf569800 3255       1       javax.swing.JTable::getTableHeader (5 bytes)
Event: 114.136 Thread 0x00000242cf569800 nmethod 3255 0x00000242bbba7e10 code [0x00000242bbba7fa0, 0x00000242bbba8078]
Event: 114.137 Thread 0x00000242cf569800 3257       3       sun.swing.SwingUtilities2::drawVLine (26 bytes)
Event: 114.137 Thread 0x00000242cf569800 nmethod 3257 0x00000242b4ba3f90 code [0x00000242b4ba4140, 0x00000242b4ba4348]
Event: 114.137 Thread 0x00000242cf569800 3258       3       java.awt.Window::adjustDescendantsOnParent (1 bytes)
Event: 114.137 Thread 0x00000242cf569800 nmethod 3258 0x00000242b4ba4410 code [0x00000242b4ba45a0, 0x00000242b4ba46b8]
Event: 114.137 Thread 0x00000242cf569800 3259       3       java.awt.Component::isFocusOwner (5 bytes)
Event: 114.138 Thread 0x00000242cf569800 nmethod 3259 0x00000242b4ba4790 code [0x00000242b4ba4960, 0x00000242b4ba4d48]
Event: 114.144 Thread 0x00000242cf569800 3260       3       javax.swing.text.Utilities::getTabbedTextWidth (363 bytes)
Event: 114.145 Thread 0x00000242cf569800 nmethod 3260 0x00000242b4ba4e90 code [0x00000242b4ba5120, 0x00000242b4ba6048]

GC Heap History (6 events):
Event: 15.528 GC heap before
{Heap before GC invocations=0 (full 0):
 garbage-first heap   total 262144K, used 13312K [0x0000000700a00000, 0x0000000800000000)
  region size 1024K, 13 young (13312K), 0 survivors (0K)
 Metaspace       used 11966K, capacity 12318K, committed 12416K, reserved 1060864K
  class space    used 1466K, capacity 1630K, committed 1664K, reserved 1048576K
}
Event: 15.533 GC heap after
{Heap after GC invocations=1 (full 0):
 garbage-first heap   total 262144K, used 2662K [0x0000000700a00000, 0x0000000800000000)
  region size 1024K, 2 young (2048K), 2 survivors (2048K)
 Metaspace       used 11966K, capacity 12318K, committed 12416K, reserved 1060864K
  class space    used 1466K, capacity 1630K, committed 1664K, reserved 1048576K
}
Event: 16.367 GC heap before
{Heap before GC invocations=1 (full 0):
 garbage-first heap   total 262144K, used 15974K [0x0000000700a00000, 0x0000000800000000)
  region size 1024K, 15 young (15360K), 2 survivors (2048K)
 Metaspace       used 17150K, capacity 17550K, committed 17664K, reserved 1064960K
  class space    used 2111K, capacity 2286K, committed 2304K, reserved 1048576K
}
Event: 16.372 GC heap after
{Heap after GC invocations=2 (full 0):
 garbage-first heap   total 262144K, used 4475K [0x0000000700a00000, 0x0000000800000000)
  region size 1024K, 2 young (2048K), 2 survivors (2048K)
 Metaspace       used 17150K, capacity 17550K, committed 17664K, reserved 1064960K
  class space    used 2111K, capacity 2286K, committed 2304K, reserved 1048576K
}
Event: 16.536 GC heap before
{Heap before GC invocations=2 (full 0):
 garbage-first heap   total 262144K, used 13691K [0x0000000700a00000, 0x0000000800000000)
  region size 1024K, 13 young (13312K), 2 survivors (2048K)
 Metaspace       used 20673K, capacity 21095K, committed 21248K, reserved 1067008K
  class space    used 2514K, capacity 2699K, committed 2816K, reserved 1048576K
}
Event: 16.539 GC heap after
{Heap after GC invocations=3 (full 0):
 garbage-first heap   total 262144K, used 5234K [0x0000000700a00000, 0x0000000800000000)
  region size 1024K, 3 young (3072K), 3 survivors (3072K)
 Metaspace       used 20673K, capacity 21095K, committed 21248K, reserved 1067008K
  class space    used 2514K, capacity 2699K, committed 2816K, reserved 1048576K
}

Deoptimization events (20 events):
Event: 38.458 Thread 0x00000242d0d67000 Uncommon trap: trap_request=0xffffff45 fr.pc=0x00000242bbb6fec8 relative=0x00000000000000a8
Event: 38.458 Thread 0x00000242d0d67000 Uncommon trap: reason=unstable_if action=reinterpret pc=0x00000242bbb6fec8 method=java.awt.Component.inside(II)Z @ 13 c2
Event: 38.458 Thread 0x00000242d0d67000 DEOPT PACKING pc=0x00000242bbb6fec8 sp=0x000000f71f4fdf00
Event: 38.458 Thread 0x00000242d0d67000 DEOPT UNPACKING pc=0x00000242b401912f sp=0x000000f71f4fdda0 mode 2
Event: 38.458 Thread 0x00000242d0d67000 Uncommon trap: trap_request=0xffffffde fr.pc=0x00000242bbb82e70 relative=0x00000000000000b0
Event: 38.458 Thread 0x00000242d0d67000 Uncommon trap: reason=class_check action=maybe_recompile pc=0x00000242bbb82e70 method=java.awt.Component.getBackground()Ljava/awt/Color; @ 21 c2
Event: 38.458 Thread 0x00000242d0d67000 DEOPT PACKING pc=0x00000242bbb82e70 sp=0x000000f71f4fe220
Event: 38.458 Thread 0x00000242d0d67000 DEOPT UNPACKING pc=0x00000242b401912f sp=0x000000f71f4fe1a0 mode 2
Event: 40.773 Thread 0x00000242d0d67000 Uncommon trap: trap_request=0xffffffde fr.pc=0x00000242bbb82e70 relative=0x00000000000000b0
Event: 40.773 Thread 0x00000242d0d67000 Uncommon trap: reason=class_check action=maybe_recompile pc=0x00000242bbb82e70 method=java.awt.Component.getBackground()Ljava/awt/Color; @ 21 c2
Event: 40.773 Thread 0x00000242d0d67000 DEOPT PACKING pc=0x00000242bbb82e70 sp=0x000000f71f4fcd70
Event: 40.773 Thread 0x00000242d0d67000 DEOPT UNPACKING pc=0x00000242b401912f sp=0x000000f71f4fccf0 mode 2
Event: 40.780 Thread 0x00000242d0d67000 Uncommon trap: trap_request=0xffffffde fr.pc=0x00000242bbb82e70 relative=0x00000000000000b0
Event: 40.780 Thread 0x00000242d0d67000 Uncommon trap: reason=class_check action=maybe_recompile pc=0x00000242bbb82e70 method=java.awt.Component.getBackground()Ljava/awt/Color; @ 21 c2
Event: 40.780 Thread 0x00000242d0d67000 DEOPT PACKING pc=0x00000242bbb82e70 sp=0x000000f71f4fcd70
Event: 40.780 Thread 0x00000242d0d67000 DEOPT UNPACKING pc=0x00000242b401912f sp=0x000000f71f4fccf0 mode 2
Event: 107.926 Thread 0x00000242d0d67000 Uncommon trap: trap_request=0xffffff45 fr.pc=0x00000242bbba0a40 relative=0x00000000000004a0
Event: 107.926 Thread 0x00000242d0d67000 Uncommon trap: reason=unstable_if action=reinterpret pc=0x00000242bbba0a40 method=sun.java2d.SunGraphics2D.validateColor()V @ 38 c2
Event: 107.926 Thread 0x00000242d0d67000 DEOPT PACKING pc=0x00000242bbba0a40 sp=0x000000f71f4fc600
Event: 107.926 Thread 0x00000242d0d67000 DEOPT UNPACKING pc=0x00000242b401912f sp=0x000000f71f4fc550 mode 2

Classes unloaded (0 events):
No events

Classes redefined (0 events):
No events

Internal exceptions (20 events):
Event: 0.682 Thread 0x00000242ab831800 Exception <a 'java/lang/NoSuchMethodError'{0x00000007103cc928}: 'java.lang.Object java.lang.invoke.DirectMethodHandle$Holder.invokeStatic(java.lang.Object, int, java.lang.Object, java.lang.Object, java.lang.Object, java.lang.Object)'> (0x00000007103cc928) 
thrown [./open/src/hotspot/share/interpreter/linkResolver.cpp, line 766]
Event: 0.683 Thread 0x00000242ab831800 Exception <a 'java/lang/NoSuchMethodError'{0x00000007103d3248}: 'java.lang.Object java.lang.invoke.DirectMethodHandle$Holder.invokeStatic(java.lang.Object, int, java.lang.Object, java.lang.Object, java.lang.Object)'> (0x00000007103d3248) 
thrown [./open/src/hotspot/share/interpreter/linkResolver.cpp, line 766]
Event: 0.683 Thread 0x00000242ab831800 Exception <a 'java/lang/NoSuchMethodError'{0x00000007103d6a98}: 'java.lang.Object java.lang.invoke.DirectMethodHandle$Holder.invokeSpecial(java.lang.Object, java.lang.Object, int, java.lang.Object, java.lang.Object, java.lang.Object)'> (0x00000007103d6a98) 
thrown [./open/src/hotspot/share/interpreter/linkResolver.cpp, line 766]
Event: 0.686 Thread 0x00000242ab831800 Exception <a 'java/lang/NoSuchMethodError'{0x00000007103ece40}: 'java.lang.Object java.lang.invoke.DirectMethodHandle$Holder.invokeStatic(java.lang.Object, int, java.lang.Object)'> (0x00000007103ece40) 
thrown [./open/src/hotspot/share/interpreter/linkResolver.cpp, line 766]
Event: 0.707 Thread 0x00000242ab831800 Exception <a 'java/lang/ClassNotFoundException'{0x00000007102911f0}: com/sun/swing/internal/plaf/metal/resources/spi/metalProvider> (0x00000007102911f0) 
thrown [./open/src/hotspot/share/classfile/systemDictionary.cpp, line 226]
Event: 0.708 Thread 0x00000242ab831800 Exception <a 'java/lang/ClassNotFoundException'{0x0000000710295298}: com/sun/swing/internal/plaf/basic/resources/spi/basicProvider> (0x0000000710295298) 
thrown [./open/src/hotspot/share/classfile/systemDictionary.cpp, line 226]
Event: 0.712 Thread 0x00000242ab831800 Implicit null exception at 0x00000242bbad9468 to 0x00000242bbad94fa
Event: 0.812 Thread 0x00000242ab831800 Implicit null exception at 0x00000242bbabfdaf to 0x00000242bbabfe2d
Event: 0.855 Thread 0x00000242ab831800 Exception <a 'java/lang/NoSuchMethodError'{0x0000000710002fe0}: 'void java.lang.invoke.DirectMethodHandle$Holder.invokeStaticInit(java.lang.Object)'> (0x0000000710002fe0) 
thrown [./open/src/hotspot/share/interpreter/linkResolver.cpp, line 766]
Event: 0.864 Thread 0x00000242ab831800 Exception <a 'java/lang/NoSuchMethodError'{0x0000000710029650}: 'java.lang.Object java.lang.invoke.Invokers$Holder.linkToTargetMethod(java.lang.Object, int, java.lang.Object)'> (0x0000000710029650) 
thrown [./open/src/hotspot/share/interpreter/linkResolver.cpp, line 766]
Event: 0.868 Thread 0x00000242ab831800 Exception <a 'sun/nio/fs/WindowsException'{0x000000071002f550}> (0x000000071002f550) 
thrown [./open/src/hotspot/share/prims/jni.cpp, line 599]
Event: 15.476 Thread 0x00000242ab831800 Exception <a 'sun/nio/fs/WindowsException'{0x000000070ff05b28}> (0x000000070ff05b28) 
thrown [./open/src/hotspot/share/prims/jni.cpp, line 599]
Event: 15.602 Thread 0x00000242ab831800 Exception <a 'java/lang/NoSuchMethodError'{0x0000000710556ec0}: 'java.lang.Object java.lang.invoke.DirectMethodHandle$Holder.invokeStaticInit(java.lang.Object, java.lang.Object, java.lang.Object)'> (0x0000000710556ec0) 
thrown [./open/src/hotspot/share/interpreter/linkResolver.cpp, line 766]
Event: 15.605 Thread 0x00000242ab831800 Exception <a 'java/lang/NoSuchMethodError'{0x000000071056f518}: 'int java.lang.invoke.DirectMethodHandle$Holder.invokeInterface(java.lang.Object, java.lang.Object)'> (0x000000071056f518) 
thrown [./open/src/hotspot/share/interpreter/linkResolver.cpp, line 766]
Event: 15.605 Thread 0x00000242ab831800 Exception <a 'java/lang/IncompatibleClassChangeError'{0x00000007105722c8}: Found class java.lang.Object, but interface was expected> (0x00000007105722c8) 
thrown [./open/src/hotspot/share/interpreter/linkResolver.cpp, line 832]
Event: 15.685 Thread 0x00000242ab831800 Exception <a 'sun/nio/fs/WindowsException'{0x00000007103c3398}> (0x00000007103c3398) 
thrown [./open/src/hotspot/share/prims/jni.cpp, line 599]
Event: 16.401 Thread 0x00000242ab831800 Exception <a 'java/lang/NoSuchMethodError'{0x00000007108b6078}: 'java.lang.Object java.lang.invoke.DirectMethodHandle$Holder.invokeStatic(java.lang.Object, java.lang.Object, java.lang.Object, java.lang.Object, java.lang.Object, java.lang.Object, java.lang.Object, java.lang.Object, java.lang.Object, java.lang.Object, java.lang.Object, java.lang.Object, java.lang.Object, java.lang.Object, java.lang.Object)'> (0x00000007108b6078) 
thrown [./open/src/hotspot/share/interpreter/linkResolver.cpp, line 766]
Event: 16.402 Thread 0x00000242ab831800 Exception <a 'java/lang/NoSuchMethodError'{0x00000007108c2468}: 'java.lang.Object java.lang.invoke.DirectMethodHandle$Holder.invokeStatic(java.lang.Object, java.lang.Object, java.lang.Object, java.lang.Object, java.lang.Object, java.lang.Object, java.lang.Object, java.lang.Object, java.lang.Object, java.lang.Object, java.lang.Object, java.lang.Object, java.lang.Object, java.lang.Object, java.lang.Object, java.lang.Object)'> (0x00000007108c2468) 
thrown [./open/src/hotspot/share/interpreter/linkResolver.cpp
Event: 16.403 Thread 0x00000242ab831800 Exception <a 'java/lang/NoSuchMethodError'{0x00000007108cea98}: 'java.lang.Object java.lang.invoke.DirectMethodHandle$Holder.invokeSpecial(java.lang.Object, java.lang.Object, long, int, int, int, int, int, java.lang.Object, int, java.lang.Object)'> (0x00000007108cea98) 
thrown [./open/src/hotspot/share/interpreter/linkResolver.cpp, line 766]
Event: 16.403 Thread 0x00000242ab831800 Exception <a 'java/lang/NoSuchMethodError'{0x00000007108d1d08}: 'java.lang.Object java.lang.invoke.DelegatingMethodHandle$Holder.reinvoke_L(java.lang.Object, long, int, int, int, int, int, java.lang.Object, int, java.lang.Object)'> (0x00000007108d1d08) 
thrown [./open/src/hotspot/share/interpreter/linkResolver.cpp, line 766]

Events (20 events):
Event: 107.931 loading class sun/awt/image/BufferedImageDevice
Event: 107.931 loading class sun/awt/image/BufferedImageDevice done
Event: 107.932 loading class sun/java2d/loops/Blit$GeneralMaskBlit
Event: 107.932 loading class sun/java2d/loops/Blit$GeneralMaskBlit done
Event: 107.932 loading class sun/java2d/loops/MaskBlit$General
Event: 107.932 loading class sun/java2d/loops/GraphicsPrimitive$GeneralBinaryOp
Event: 107.932 loading class sun/java2d/loops/GraphicsPrimitive$GeneralBinaryOp done
Event: 107.932 loading class sun/java2d/loops/MaskBlit$General done
Event: 107.963 Executing VM operation: HandshakeOneThread
Event: 107.963 Executing VM operation: HandshakeOneThread done
Event: 107.969 Executing VM operation: HandshakeOneThread
Event: 107.969 Executing VM operation: HandshakeOneThread done
Event: 108.564 Executing VM operation: HandshakeOneThread
Event: 108.564 Executing VM operation: HandshakeOneThread done
Event: 114.104 Executing VM operation: HandshakeOneThread
Event: 114.104 Executing VM operation: HandshakeOneThread done
Event: 114.116 Executing VM operation: HandshakeOneThread
Event: 114.116 Executing VM operation: HandshakeOneThread done
Event: 114.122 Executing VM operation: HandshakeOneThread
Event: 114.122 Executing VM operation: HandshakeOneThread done


Dynamic libraries:
0x00007ff6cc2f0000 - 0x00007ff6cc2ff000 	C:\Users\Richard\Documents\Software\Oracle\Java\jdk-14.0.2\bin\javaw.exe
0x00007ffefc7a0000 - 0x00007ffefc990000 	C:\WINDOWS\SYSTEM32\ntdll.dll
0x00007ffefab90000 - 0x00007ffefac42000 	C:\WINDOWS\System32\KERNEL32.DLL
0x00007ffef99e0000 - 0x00007ffef9c85000 	C:\WINDOWS\System32\KERNELBASE.dll
0x00007ffefa5e0000 - 0x00007ffefa6da000 	C:\WINDOWS\System32\ucrtbase.dll
0x00007ffeee260000 - 0x00007ffeee278000 	C:\Users\Richard\Documents\Software\Oracle\Java\jdk-14.0.2\bin\jli.dll
0x00007ffeee240000 - 0x00007ffeee255000 	C:\Users\Richard\Documents\Software\Oracle\Java\jdk-14.0.2\bin\VCRUNTIME140.dll
0x00007ffefc410000 - 0x00007ffefc4b3000 	C:\WINDOWS\System32\ADVAPI32.dll
0x00007ffefb820000 - 0x00007ffefb8be000 	C:\WINDOWS\System32\msvcrt.dll
0x00007ffefac50000 - 0x00007ffeface7000 	C:\WINDOWS\System32\sechost.dll
0x00007ffefa9a0000 - 0x00007ffefaac0000 	C:\WINDOWS\System32\RPCRT4.dll
0x00007ffefb620000 - 0x00007ffefb7b4000 	C:\WINDOWS\System32\USER32.dll
0x00007ffefa5b0000 - 0x00007ffefa5d1000 	C:\WINDOWS\System32\win32u.dll
0x00007ffefc3e0000 - 0x00007ffefc406000 	C:\WINDOWS\System32\GDI32.dll
0x00007ffef97e0000 - 0x00007ffef9976000 	C:\WINDOWS\System32\gdi32full.dll
0x00007ffefa730000 - 0x00007ffefa7ce000 	C:\WINDOWS\System32\msvcp_win.dll
0x00007ffef10f0000 - 0x00007ffef1374000 	C:\WINDOWS\WinSxS\amd64_microsoft.windows.common-controls_6595b64144ccf1df_6.0.18362.1139_none_9e7bf2d3e4605ac6\COMCTL32.dll
0x00007ffefbed0000 - 0x00007ffefc205000 	C:\WINDOWS\System32\combase.dll
0x00007ffefa7d0000 - 0x00007ffefa850000 	C:\WINDOWS\System32\bcryptPrimitives.dll
0x00007ffef5260000 - 0x00007ffef526a000 	C:\WINDOWS\SYSTEM32\VERSION.dll
0x00007ffefb3f0000 - 0x00007ffefb41e000 	C:\WINDOWS\System32\IMM32.DLL
0x00007ffedd0c0000 - 0x00007ffedd15b000 	C:\Users\Richard\Documents\Software\Oracle\Java\jdk-14.0.2\bin\msvcp140.dll
0x00007ffecfdf0000 - 0x00007ffed090e000 	C:\Users\Richard\Documents\Software\Oracle\Java\jdk-14.0.2\bin\server\jvm.dll
0x00007ffefb550000 - 0x00007ffefb558000 	C:\WINDOWS\System32\PSAPI.DLL
0x00007ffeea260000 - 0x00007ffeea269000 	C:\WINDOWS\SYSTEM32\WSOCK32.dll
0x00007ffef7870000 - 0x00007ffef7894000 	C:\WINDOWS\SYSTEM32\WINMM.dll
0x00007ffefc210000 - 0x00007ffefc27f000 	C:\WINDOWS\System32\WS2_32.dll
0x00007ffef7840000 - 0x00007ffef786d000 	C:\WINDOWS\SYSTEM32\winmmbase.dll
0x00007ffefa6e0000 - 0x00007ffefa72a000 	C:\WINDOWS\System32\cfgmgr32.dll
0x00007ffef9670000 - 0x00007ffef9681000 	C:\WINDOWS\System32\kernel.appcore.dll
0x00007ffef78a0000 - 0x00007ffef78aa000 	C:\Users\Richard\Documents\Software\Oracle\Java\jdk-14.0.2\bin\jimage.dll
0x00007ffee45f0000 - 0x00007ffee47e4000 	C:\WINDOWS\SYSTEM32\DBGHELP.DLL
0x00007ffee45c0000 - 0x00007ffee45ea000 	C:\WINDOWS\SYSTEM32\dbgcore.DLL
0x00007ffeee210000 - 0x00007ffeee235000 	C:\Users\Richard\Documents\Software\Oracle\Java\jdk-14.0.2\bin\java.dll
0x00007ffeee1f0000 - 0x00007ffeee206000 	C:\Users\Richard\Documents\Software\Oracle\Java\jdk-14.0.2\bin\zip.dll
0x00007ffefad00000 - 0x00007ffefb3e7000 	C:\WINDOWS\System32\SHELL32.dll
0x00007ffefb570000 - 0x00007ffefb619000 	C:\WINDOWS\System32\shcore.dll
0x00007ffef9c90000 - 0x00007ffefa410000 	C:\WINDOWS\System32\windows.storage.dll
0x00007ffef96e0000 - 0x00007ffef9703000 	C:\WINDOWS\System32\profapi.dll
0x00007ffef9690000 - 0x00007ffef96da000 	C:\WINDOWS\System32\powrprof.dll
0x00007ffef9660000 - 0x00007ffef9670000 	C:\WINDOWS\System32\UMPDC.dll
0x00007ffefbe70000 - 0x00007ffefbec2000 	C:\WINDOWS\System32\shlwapi.dll
0x00007ffefa590000 - 0x00007ffefa5a7000 	C:\WINDOWS\System32\cryptsp.dll
0x00007ffeee1d0000 - 0x00007ffeee1e9000 	C:\Users\Richard\Documents\Software\Oracle\Java\jdk-14.0.2\bin\net.dll
0x00007ffeed5b0000 - 0x00007ffeed6a0000 	C:\WINDOWS\SYSTEM32\WINHTTP.dll
0x00007ffef8eb0000 - 0x00007ffef8f17000 	C:\WINDOWS\system32\mswsock.dll
0x00007ffeee160000 - 0x00007ffeee172000 	C:\Users\Richard\Documents\Software\Oracle\Java\jdk-14.0.2\bin\nio.dll
0x00007ffedabb0000 - 0x00007ffedad49000 	C:\Users\Richard\Documents\Software\Oracle\Java\jdk-14.0.2\bin\awt.dll
0x00007ffefa850000 - 0x00007ffefa915000 	C:\WINDOWS\System32\OLEAUT32.dll
0x00007ffef7540000 - 0x00007ffef75cf000 	C:\WINDOWS\SYSTEM32\apphelp.dll
0x00007ffef7de0000 - 0x00007ffef7e0d000 	C:\WINDOWS\system32\DWMAPI.DLL
0x00007ffef79b0000 - 0x00007ffef7a49000 	C:\WINDOWS\system32\uxtheme.dll
0x00007ffedaa50000 - 0x00007ffedaba6000 	C:\WINDOWS\system32\opengl32.dll
0x00007ffeee0f0000 - 0x00007ffeee11c000 	C:\WINDOWS\SYSTEM32\GLU32.dll
0x00007ffef83f0000 - 0x00007ffef8410000 	C:\WINDOWS\SYSTEM32\dxcore.dll
0x00007ffefbd30000 - 0x00007ffefbe65000 	C:\WINDOWS\System32\MSCTF.dll
0x00007ffefc280000 - 0x00007ffefc3d7000 	C:\WINDOWS\System32\ole32.dll
0x00007ffef2320000 - 0x00007ffef24e7000 	C:\WINDOWS\system32\d3d9.dll
0x00007ffef1000000 - 0x00007ffef10ee000 	C:\WINDOWS\System32\DriverStore\FileRepository\nv_dispi.inf_amd64_db678424d2641c3d\nvldumdx.dll
0x00007ffefa440000 - 0x00007ffefa589000 	C:\WINDOWS\System32\crypt32.dll
0x00007ffef9710000 - 0x00007ffef9722000 	C:\WINDOWS\System32\MSASN1.dll
0x00007ffef9980000 - 0x00007ffef99dc000 	C:\WINDOWS\System32\WINTRUST.DLL
0x00007ffefb4d0000 - 0x00007ffefb4ed000 	C:\WINDOWS\System32\imagehlp.dll
0x00007ffef8a20000 - 0x00007ffef8a53000 	C:\WINDOWS\system32\rsaenh.dll
0x00007ffefa410000 - 0x00007ffefa436000 	C:\WINDOWS\System32\bcrypt.dll
0x00007ffef9080000 - 0x00007ffef908c000 	C:\WINDOWS\SYSTEM32\CRYPTBASE.dll
0x00007ffeb5170000 - 0x00007ffeb660b000 	C:\WINDOWS\System32\DriverStore\FileRepository\nv_dispi.inf_amd64_db678424d2641c3d\nvd3dumx.dll
0x00007ffef8260000 - 0x00007ffef8282000 	C:\WINDOWS\SYSTEM32\gpapi.dll
0x00007ffee0130000 - 0x00007ffee015f000 	C:\WINDOWS\SYSTEM32\cryptnet.dll
0x00007ffedc170000 - 0x00007ffedc1f2000 	C:\Users\Richard\Documents\Software\Oracle\Java\jdk-14.0.2\bin\freetype.dll
0x00007ffeda800000 - 0x00007ffeda8a6000 	C:\Users\Richard\Documents\Software\Oracle\Java\jdk-14.0.2\bin\fontmanager.dll
0x00007ffeedb00000 - 0x00007ffeedb9e000 	C:\WINDOWS\System32\TextInputFramework.dll
0x00007ffef4090000 - 0x00007ffef43ba000 	C:\WINDOWS\System32\CoreUIComponents.dll
0x00007ffef72c0000 - 0x00007ffef7394000 	C:\WINDOWS\System32\CoreMessaging.dll
0x00007ffef86a0000 - 0x00007ffef86d1000 	C:\WINDOWS\SYSTEM32\ntmarta.dll
0x00007ffef4650000 - 0x00007ffef47a3000 	C:\WINDOWS\SYSTEM32\wintypes.dll
0x00007ffeea530000 - 0x00007ffeea7d7000 	C:\WINDOWS\System32\iertutil.dll
0x00007ffef0f20000 - 0x00007ffef0f29000 	C:\Users\Richard\Documents\Software\Oracle\Java\jdk-14.0.2\bin\management.dll
0x00007ffeee0e0000 - 0x00007ffeee0eb000 	C:\Users\Richard\Documents\Software\Oracle\Java\jdk-14.0.2\bin\management_ext.dll
0x00007ffeee040000 - 0x00007ffeee050000 	C:\Users\Richard\Documents\Software\Oracle\Java\jdk-14.0.2\bin\verify.dll
0x00007ffefb420000 - 0x00007ffefb4c2000 	C:\WINDOWS\System32\clbcatq.dll
0x00007ffef3cb0000 - 0x00007ffef3e5f000 	C:\WINDOWS\SYSTEM32\WindowsCodecs.dll
0x00007ffedcba0000 - 0x00007ffedcbda000 	C:\WINDOWS\system32\dataexchange.dll
0x00007ffef5f70000 - 0x00007ffef61cb000 	C:\WINDOWS\system32\d3d11.dll
0x00007ffef5c90000 - 0x00007ffef5e6d000 	C:\WINDOWS\system32\dcomp.dll
0x00007ffef8410000 - 0x00007ffef84fb000 	C:\WINDOWS\system32\dxgi.dll
0x00007ffef7a70000 - 0x00007ffef7cd2000 	C:\WINDOWS\system32\twinapi.appcore.dll
0x00007ffef7fa0000 - 0x00007ffef7fc9000 	C:\WINDOWS\system32\RMCLIENT.dll

dbghelp: loaded successfully - version: 4.0.5 - missing functions: none
symbol engine: initialized successfully - sym options: 0x614 - pdb path: .;C:\Users\Richard\Documents\Software\Oracle\Java\jdk-14.0.2\bin;C:\WINDOWS\SYSTEM32;C:\WINDOWS\WinSxS\amd64_microsoft.windows.common-controls_6595b64144ccf1df_6.0.18362.1139_none_9e7bf2d3e4605ac6;C:\Users\Richard\Documents\Software\Oracle\Java\jdk-14.0.2\bin\server;C:\WINDOWS\System32\DriverStore\FileRepository\nv_dispi.inf_amd64_db678424d2641c3d

VM Arguments:
jvm_args: -Dfile.encoding=Cp1252 --module-path=C:\Users\Richard\Documents\Projekte\ZweiEuroMünzenSammlung\ZweiEuroProgramme\git\easydatabases\bin;C:\Users\Richard\Documents\Projekte\ZweiEuroMünzenSammlung\ZweiEuroProgramme\git\zweieuro\ZweiEuro\lib\derby.jar;C:\Users\Richard\Documents\Projekte\ZweiEuroMünzenSammlung\ZweiEuroProgramme\git\zweieuro\ZweiEuro\lib\derbyclient.jar;C:\Users\Richard\Documents\Projekte\ZweiEuroMünzenSammlung\ZweiEuroProgramme\git\zweieuro\ZweiEuro\lib\derbyLocale_cs.jar;C:\Users\Richard\Documents\Projekte\ZweiEuroMünzenSammlung\ZweiEuroProgramme\git\zweieuro\ZweiEuro\lib\derbyLocale_de_DE.jar;C:\Users\Richard\Documents\Projekte\ZweiEuroMünzenSammlung\ZweiEuroProgramme\git\zweieuro\ZweiEuro\lib\derbyLocale_es.jar;C:\Users\Richard\Documents\Projekte\ZweiEuroMünzenSammlung\ZweiEuroProgramme\git\zweieuro\ZweiEuro\lib\derbyLocale_fr.jar;C:\Users\Richard\Documents\Projekte\ZweiEuroMünzenSammlung\ZweiEuroProgramme\git\zweieuro\ZweiEuro\lib\derbyLocale_hu.jar;C:\Users\Richard\Documents\Projekte\ZweiEuroMünzenSammlung\ZweiEuroProgramme\git\zweieuro\ZweiEuro\lib\derbyLocale_it.jar;C:\Users\Richard\Documents\Projekte\ZweiEuroMünzenSammlung\ZweiEuroProgramme\git\zweieuro\ZweiEuro\lib\derbyLocale_ja_JP.jar;C:\Users\Richard\Documents\Projekte\ZweiEuroMünzenSammlung\ZweiEuroProgramme\git\zweieuro\ZweiEuro\lib\derbyLocale_ko_KR.jar;C:\Users\Richard\Documents\Projekte\ZweiEuroMünzenSammlung\ZweiEuroProgramme\git\zweieuro\ZweiEuro\lib\derbyLocale_pl.jar;C:\Users\Richard\Documents\Projekte\ZweiEuroMünzenSammlung\ZweiEuroProgramme\git\zweieuro\ZweiEuro\lib\derbyLocale_pt_BR.jar;C:\Users\Richard\Documents\Projekte\ZweiEuroMünzenSammlung\ZweiEuroProgramme\git\zweieuro\ZweiEuro\lib\derbyLocale_ru.jar;C:\Users\Richard\Documents\Projekte\ZweiEuroMünzenSammlung\ZweiEuroProgramme\git\zweieuro\ZweiEuro\lib\derbyLocale_zh_CN.jar;C:\Users\Richard\Documents\Projekte\ZweiEuroMünzenSammlung\ZweiEuroProgramme\git\zweieuro\ZweiEuro\lib\derbyLocale_zh_TW.jar;C:\Users\Richard\Documents\Projekte\ZweiEuroMünzen-Djdk.module.main=EasyDatabase 
java_command: EasyDatabase/de.herrmannR.easydatabase.GUI.DatabaseView
java_class_path (initial): <not set>
Launcher Type: SUN_STANDARD

[Global flags]
     intx CICompilerCount                          = 3                                         {product} {ergonomic}
     uint ConcGCThreads                            = 1                                         {product} {ergonomic}
     uint G1ConcRefinementThreads                  = 4                                         {product} {ergonomic}
   size_t G1HeapRegionSize                         = 1048576                                   {product} {ergonomic}
    uintx GCDrainStackTargetSize                   = 64                                        {product} {ergonomic}
   size_t InitialHeapSize                          = 268435456                                 {product} {ergonomic}
   size_t MarkStackSize                            = 4194304                                   {product} {ergonomic}
   size_t MaxHeapSize                              = 4284481536                                {product} {ergonomic}
   size_t MaxNewSize                               = 2570059776                                {product} {ergonomic}
   size_t MinHeapDeltaBytes                        = 1048576                                   {product} {ergonomic}
   size_t MinHeapSize                              = 8388608                                   {product} {ergonomic}
    uintx NonNMethodCodeHeapSize                   = 5832780                                {pd product} {ergonomic}
    uintx NonProfiledCodeHeapSize                  = 122912730                              {pd product} {ergonomic}
    uintx ProfiledCodeHeapSize                     = 122912730                              {pd product} {ergonomic}
    uintx ReservedCodeCacheSize                    = 251658240                              {pd product} {ergonomic}
     bool SegmentedCodeCache                       = true                                      {product} {ergonomic}
   size_t SoftMaxHeapSize                          = 4284481536                             {manageable} {ergonomic}
     bool UseCompressedClassPointers               = true                                 {lp64_product} {ergonomic}
     bool UseCompressedOops                        = true                                 {lp64_product} {ergonomic}
     bool UseG1GC                                  = true                                      {product} {ergonomic}
     bool UseLargePagesIndividualAllocation        = false                                  {pd product} {ergonomic}

Logging:
Log output configuration:
 #0: stdout all=warning uptime,level,tags
 #1: stderr all=off uptime,level,tags

Environment Variables:
JAVA_HOME=C:\Program Files\Java\jdk1.8.0_151
PATH=C:/Program Files/Java/jre1.8.0_261/bin/server;C:/Program Files/Java/jre1.8.0_261/bin;C:/Program Files/Java/jre1.8.0_261/lib/amd64;C:\Program Files (x86)\Common Files\Oracle\Java\javapath;C:\Program Files (x86)\iis express\PHP\v5.3;C:\ProgramData\Oracle\Java\javapath;C:\Windows\system32;C:\Windows;C:\Windows\System32\Wbem;C:\Windows\System32\WindowsPowerShell\v1.0\;C:\Program Files (x86)\Windows Live\Shared;C:\Users\Richard\AppData\Local\Microsoft\WindowsApps;C:\WINDOWS\system32;C:\WINDOWS;C:\WINDOWS\System32\Wbem;C:\WINDOWS\System32\WindowsPowerShell\v1.0\;C:\WINDOWS\System32\OpenSSH\;C:\Users\Richard\Documents\Software\PHP\php-7.2.10-Win32-VC15-x64;C:\ProgramData\ComposerSetup\bin;C:\Program Files\Git\cmd;C:\Users\Richard\AppData\Local\Microsoft\WindowsApps;C:\Users\Richard\AppData\Roaming\Composer\vendor\bin;C:\Users\Richard\Documents\Software\Eclipse\eclipse;
USERNAME=Richard
OS=Windows_NT
PROCESSOR_IDENTIFIER=AMD64 Family 23 Model 1 Stepping 1, AuthenticAMD



---------------  S Y S T E M  ---------------

OS: Windows 10 , 64 bit Build 18362 (10.0.18362.1110)
OS uptime: 0 days 3:42 hours

CPU:total 4 (initial active 4) (4 cores per cpu, 1 threads per core) family 23 model 1 stepping 1, cmov, cx8, fxsr, mmx, sse, sse2, sse3, ssse3, sse4.1, sse4.2, popcnt, avx, avx2, aes, clmul, mmxext, 3dnowpref, lzcnt, sse4a, tsc, tscinvbit, tscinv, bmi1, bmi2, adx, sha, fma

Memory: 4k page, system-wide physical 16336M (9174M free)
TotalPageFile size 65488M (AvailPageFile size 3M)
current process WorkingSet (physical memory assigned to process): 135M, peak: 135M
current process commit charge ("private bytes"): 176M, peak: 387M

vm_info: Java HotSpot(TM) 64-Bit Server VM (14.0.2+12-46) for windows-amd64 JRE (14.0.2+12-46), built on Jul  9 2020 00:35:52 by "mach5one" with MS VC++ 15.9 (VS2017)

END.
